2025-05-29 20:18:09,145 - Epoch 1/700, Loss: 3.0939, Train Acc: 0.2377
2025-05-29 20:18:14,834 - Epoch 2/700, Loss: 1.7820, Train Acc: 0.3060
2025-05-29 20:18:20,567 - Epoch 3/700, Loss: 1.7293, Train Acc: 0.3296
2025-05-29 20:18:26,444 - Epoch 4/700, Loss: 1.6802, Train Acc: 0.3421
2025-05-29 20:18:32,178 - Epoch 5/700, Loss: 1.6685, Train Acc: 0.3331
2025-05-29 20:18:38,025 - Epoch 6/700, Loss: 1.6437, Train Acc: 0.3634
2025-05-29 20:18:44,000 - Epoch 7/700, Loss: 1.6487, Train Acc: 0.3744
2025-05-29 20:18:49,961 - Epoch 8/700, Loss: 1.6144, Train Acc: 0.3624
2025-05-29 20:18:55,949 - Epoch 9/700, Loss: 1.6018, Train Acc: 0.3699
2025-05-29 20:19:01,701 - Epoch 10/700, Loss: 1.5935, Train Acc: 0.3897
2025-05-29 20:39:43,332 - Epoch 1/700, Loss: 89792.1378, Train Acc: 0.2951
2025-05-29 20:39:49,375 - Epoch 2/700, Loss: 2.4328, Train Acc: 0.2950
2025-05-29 20:39:55,471 - Epoch 3/700, Loss: 2.0982, Train Acc: 0.2950
2025-05-29 20:40:01,531 - Epoch 4/700, Loss: 1.9585, Train Acc: 0.2950
2025-05-29 20:40:09,074 - Epoch 5/700, Loss: 1.8963, Train Acc: 0.2950
2025-05-29 20:40:16,255 - Epoch 6/700, Loss: 1.8546, Train Acc: 0.2950
2025-05-29 20:40:22,245 - Epoch 7/700, Loss: 1.8258, Train Acc: 0.2950
2025-05-29 20:40:29,215 - Epoch 8/700, Loss: 1.8046, Train Acc: 0.2950
2025-05-29 20:40:35,358 - Epoch 9/700, Loss: 1.7880, Train Acc: 0.2950
2025-05-29 20:40:41,432 - Epoch 10/700, Loss: 1.7753, Train Acc: 0.2950
2025-05-29 20:40:47,920 - Epoch 11/700, Loss: 1.7652, Train Acc: 0.2950
2025-05-29 20:40:54,256 - Epoch 12/700, Loss: 1.7573, Train Acc: 0.2950
2025-05-29 20:41:00,351 - Epoch 13/700, Loss: 1.7507, Train Acc: 0.2950
2025-05-29 20:41:06,731 - Epoch 14/700, Loss: 1.7455, Train Acc: 0.2950
2025-05-29 20:41:13,029 - Epoch 15/700, Loss: 1.7413, Train Acc: 0.2950
2025-05-29 20:41:19,098 - Epoch 16/700, Loss: 1.7376, Train Acc: 0.2950
2025-05-29 20:41:25,385 - Epoch 17/700, Loss: 1.7345, Train Acc: 0.2950
2025-05-29 20:48:55,088 - Epoch 1/700, Loss: 89792.1353, Train Acc: 0.2951
2025-05-29 20:49:01,137 - Epoch 2/700, Loss: 2.4327, Train Acc: 0.2950
2025-05-29 20:49:07,150 - Epoch 3/700, Loss: 2.0982, Train Acc: 0.2950
2025-05-29 20:49:13,178 - Epoch 4/700, Loss: 1.9585, Train Acc: 0.2950
2025-05-29 20:49:19,200 - Epoch 5/700, Loss: 1.8963, Train Acc: 0.2950
2025-05-29 20:49:25,248 - Epoch 6/700, Loss: 1.8547, Train Acc: 0.2950
2025-05-29 20:49:31,343 - Epoch 7/700, Loss: 1.8258, Train Acc: 0.2950
2025-05-29 20:49:37,433 - Epoch 8/700, Loss: 1.8046, Train Acc: 0.2950
2025-05-29 20:49:43,549 - Epoch 9/700, Loss: 1.7880, Train Acc: 0.2950
2025-05-29 20:49:49,668 - Epoch 10/700, Loss: 1.7753, Train Acc: 0.2950
2025-05-29 20:49:55,928 - Epoch 11/700, Loss: 1.7652, Train Acc: 0.2950
2025-05-29 20:50:03,312 - Epoch 12/700, Loss: 1.7573, Train Acc: 0.2950
2025-05-29 20:50:11,415 - Epoch 13/700, Loss: 1.7507, Train Acc: 0.2950
2025-05-29 20:50:18,359 - Epoch 14/700, Loss: 1.7455, Train Acc: 0.2950
2025-05-29 20:50:26,032 - Epoch 15/700, Loss: 1.7413, Train Acc: 0.2950
2025-05-29 20:50:33,359 - Epoch 16/700, Loss: 1.7376, Train Acc: 0.2950
2025-05-29 20:50:40,925 - Epoch 17/700, Loss: 1.7345, Train Acc: 0.2950
2025-05-29 20:50:47,799 - Epoch 18/700, Loss: 1.7316, Train Acc: 0.2950
2025-05-29 20:50:55,268 - Epoch 19/700, Loss: 1.7295, Train Acc: 0.2950
2025-05-29 20:51:02,928 - Epoch 20/700, Loss: 1.7273, Train Acc: 0.2950
2025-05-29 20:51:09,972 - Epoch 21/700, Loss: 1.7256, Train Acc: 0.2950
2025-05-29 20:51:17,012 - Epoch 22/700, Loss: 1.7239, Train Acc: 0.2950
2025-05-29 20:51:26,611 - Epoch 23/700, Loss: 1.7225, Train Acc: 0.2950
2025-05-29 20:51:34,767 - Epoch 24/700, Loss: 1.7213, Train Acc: 0.2950
2025-05-29 20:51:41,838 - Epoch 25/700, Loss: 1.7199, Train Acc: 0.2950
2025-05-29 20:51:49,554 - Epoch 26/700, Loss: 1.7190, Train Acc: 0.2950
2025-05-29 22:17:56,773 - Epoch 1/50, Loss: 2.5382, Train Acc: 0.1975, Train F1: 0.1405, Val Loss: 1.8599, Val Acc: 0.1981, Val F1: 0.1466
2025-05-29 22:18:04,714 - Epoch 2/50, Loss: 1.7318, Train Acc: 0.3411, Train F1: 0.1778, Val Loss: 1.6767, Val Acc: 0.3404, Val F1: 0.1788
2025-05-29 22:18:12,946 - Epoch 3/50, Loss: 1.6850, Train Acc: 0.3545, Train F1: 0.1853, Val Loss: 1.6491, Val Acc: 0.3542, Val F1: 0.1863
2025-05-29 22:18:23,328 - Epoch 4/50, Loss: 1.6531, Train Acc: 0.3692, Train F1: 0.1799, Val Loss: 1.6239, Val Acc: 0.3732, Val F1: 0.1846
2025-05-29 22:18:33,820 - Epoch 5/50, Loss: 1.6284, Train Acc: 0.3621, Train F1: 0.1930, Val Loss: 1.6242, Val Acc: 0.3608, Val F1: 0.1964
2025-05-29 22:18:43,782 - Epoch 6/50, Loss: 1.6001, Train Acc: 0.3628, Train F1: 0.1785, Val Loss: 1.6408, Val Acc: 0.3542, Val F1: 0.1717
2025-05-29 22:18:53,230 - Epoch 7/50, Loss: 1.5863, Train Acc: 0.3891, Train F1: 0.2174, Val Loss: 1.5719, Val Acc: 0.3861, Val F1: 0.2136
2025-05-29 22:19:01,578 - Epoch 8/50, Loss: 1.5634, Train Acc: 0.4115, Train F1: 0.2881, Val Loss: 1.5636, Val Acc: 0.3825, Val F1: 0.2641
2025-05-29 22:26:07,437 - Epoch 1/1, Loss: 3.0963, Train Acc: 0.1969, Train F1: 0.1695, Val Loss: 1.9286, Val Acc: 0.1941, Val F1: 0.1655
2025-05-29 22:30:13,857 - Epoch 1/1, Loss: 3.1040, Train Acc: 0.1469, Train F1: 0.1006, Val Loss: 2.1830, Val Acc: 0.1467, Val F1: 0.0955
2025-05-29 23:37:31,470 - Epoch 1/1
  Train -> Loss: 27571862.6875 | CE: 18.8103 | Dirichlet: 27571843.6562 | Acc: 0.1283 | F1: 0.0481
  Val   -> Loss: 2693920.6250 | Acc: 0.1161 | F1: 0.0701
2025-05-29 23:44:23,659 - Epoch 1/1
  Train -> Loss: 27571862.0312 | CE: 18.8103 | Dirichlet: 27571843.0000 | Acc: 0.1283 | F1: 0.0481
  Val   -> Loss: 2693920.7500 | Acc: 0.1161 | F1: 0.0701
2025-05-29 23:51:22,582 - Epoch 1/700
  Train -> Loss: 897897.6228 | CE: 2.6632 | Dirichlet: 897894.9588 | Acc: 0.2951 | F1: 0.0762
  Val   -> Loss: 16.1604 | Acc: 0.2859 | F1: 0.0741
2025-05-29 23:51:29,430 - Epoch 2/700
  Train -> Loss: 8.7634 | CE: 1.7294 | Dirichlet: 7.0340 | Acc: 0.2950 | F1: 0.0759
  Val   -> Loss: 5.4137 | Acc: 0.2859 | F1: 0.0741
2025-05-29 23:51:36,377 - Epoch 3/700
  Train -> Loss: 5.5805 | CE: 1.7114 | Dirichlet: 3.8691 | Acc: 0.2950 | F1: 0.0759
  Val   -> Loss: 3.5950 | Acc: 0.2859 | F1: 0.0741
2025-05-29 23:51:43,410 - Epoch 4/700
  Train -> Loss: 4.2300 | CE: 1.7061 | Dirichlet: 2.5240 | Acc: 0.2950 | F1: 0.0759
  Val   -> Loss: 3.0019 | Acc: 0.2859 | F1: 0.0741
2025-05-29 23:51:50,429 - Epoch 5/700
  Train -> Loss: 3.6203 | CE: 1.7048 | Dirichlet: 1.9155 | Acc: 0.2950 | F1: 0.0759
  Val   -> Loss: 2.6251 | Acc: 0.2859 | F1: 0.0741
2025-05-29 23:51:57,463 - Epoch 6/700
  Train -> Loss: 3.2063 | CE: 1.7045 | Dirichlet: 1.5018 | Acc: 0.2950 | F1: 0.0759
  Val   -> Loss: 2.3761 | Acc: 0.2859 | F1: 0.0741
2025-05-29 23:52:04,436 - Epoch 7/700
  Train -> Loss: 2.9172 | CE: 1.7046 | Dirichlet: 1.2126 | Acc: 0.2950 | F1: 0.0759
  Val   -> Loss: 2.2312 | Acc: 0.2859 | F1: 0.0741
2025-05-29 23:52:11,746 - Epoch 8/700
  Train -> Loss: 2.7065 | CE: 1.7044 | Dirichlet: 1.0021 | Acc: 0.2950 | F1: 0.0759
  Val   -> Loss: 2.1173 | Acc: 0.2859 | F1: 0.0741
2025-05-29 23:52:18,879 - Epoch 9/700
  Train -> Loss: 2.5403 | CE: 1.7044 | Dirichlet: 0.8359 | Acc: 0.2950 | F1: 0.0759
  Val   -> Loss: 2.0382 | Acc: 0.2859 | F1: 0.0741
2025-05-29 23:52:26,119 - Epoch 10/700
  Train -> Loss: 2.4135 | CE: 1.7043 | Dirichlet: 0.7092 | Acc: 0.2950 | F1: 0.0759
  Val   -> Loss: 1.9774 | Acc: 0.2859 | F1: 0.0741
2025-05-30 00:02:10,173 - Epoch 1/700
  Train -> Loss: 8981.5501 | CE: 2.6627 | Dirichlet: 897888.7621 | Acc: 0.2951 | F1: 0.0762
  Val   -> Loss: 1.8926 | Acc: 0.2859 | F1: 0.0741
2025-05-30 00:02:17,070 - Epoch 2/700
  Train -> Loss: 1.7997 | CE: 1.7294 | Dirichlet: 7.0274 | Acc: 0.2950 | F1: 0.0759
  Val   -> Loss: 1.7587 | Acc: 0.2859 | F1: 0.0741
2025-05-30 00:02:24,005 - Epoch 3/700
  Train -> Loss: 1.7500 | CE: 1.7114 | Dirichlet: 3.8643 | Acc: 0.2950 | F1: 0.0759
  Val   -> Loss: 1.7328 | Acc: 0.2859 | F1: 0.0741
2025-05-30 00:02:30,983 - Epoch 4/700
  Train -> Loss: 1.7313 | CE: 1.7061 | Dirichlet: 2.5216 | Acc: 0.2950 | F1: 0.0759
  Val   -> Loss: 1.7250 | Acc: 0.2859 | F1: 0.0741
2025-05-30 00:02:38,027 - Epoch 5/700
  Train -> Loss: 1.7239 | CE: 1.7048 | Dirichlet: 1.9152 | Acc: 0.2950 | F1: 0.0759
  Val   -> Loss: 1.7204 | Acc: 0.2859 | F1: 0.0741
2025-05-30 00:02:45,087 - Epoch 6/700
  Train -> Loss: 1.7195 | CE: 1.7045 | Dirichlet: 1.5031 | Acc: 0.2950 | F1: 0.0759
  Val   -> Loss: 1.7179 | Acc: 0.2859 | F1: 0.0741
2025-05-30 00:02:52,228 - Epoch 7/700
  Train -> Loss: 1.7167 | CE: 1.7046 | Dirichlet: 1.2134 | Acc: 0.2950 | F1: 0.0759
  Val   -> Loss: 1.7166 | Acc: 0.2859 | F1: 0.0741
2025-05-30 00:02:59,326 - Epoch 8/700
  Train -> Loss: 1.7144 | CE: 1.7044 | Dirichlet: 1.0029 | Acc: 0.2950 | F1: 0.0759
  Val   -> Loss: 1.7153 | Acc: 0.2859 | F1: 0.0741
2025-05-30 00:03:06,363 - Epoch 9/700
  Train -> Loss: 1.7127 | CE: 1.7044 | Dirichlet: 0.8366 | Acc: 0.2950 | F1: 0.0759
  Val   -> Loss: 1.7148 | Acc: 0.2859 | F1: 0.0741
2025-05-30 00:03:13,628 - Epoch 10/700
  Train -> Loss: 1.7114 | CE: 1.7043 | Dirichlet: 0.7100 | Acc: 0.2950 | F1: 0.0759
  Val   -> Loss: 1.7138 | Acc: 0.2859 | F1: 0.0741
2025-05-30 00:12:28,324 - Epoch 1/700
  Train -> Loss: 8981.5501 | CE: 2.6627 | Dirichlet: 897888.7637 | Acc: 0.2951 | F1: 0.0762
  Val   -> Loss: 1.8926 | Acc: 0.2859 | F1: 0.0741
2025-05-30 00:12:35,184 - Epoch 2/700
  Train -> Loss: 1.7997 | CE: 1.7294 | Dirichlet: 7.0274 | Acc: 0.2950 | F1: 0.0759
  Val   -> Loss: 1.7587 | Acc: 0.2859 | F1: 0.0741
2025-05-30 00:12:42,072 - Epoch 3/700
  Train -> Loss: 1.7500 | CE: 1.7114 | Dirichlet: 3.8643 | Acc: 0.2950 | F1: 0.0759
  Val   -> Loss: 1.7328 | Acc: 0.2859 | F1: 0.0741
2025-05-30 00:12:49,076 - Epoch 4/700
  Train -> Loss: 1.7313 | CE: 1.7061 | Dirichlet: 2.5216 | Acc: 0.2950 | F1: 0.0759
  Val   -> Loss: 1.7250 | Acc: 0.2859 | F1: 0.0741
2025-05-30 00:12:56,151 - Epoch 5/700
  Train -> Loss: 1.7239 | CE: 1.7048 | Dirichlet: 1.9152 | Acc: 0.2950 | F1: 0.0759
  Val   -> Loss: 1.7204 | Acc: 0.2859 | F1: 0.0741
2025-05-30 00:13:03,259 - Epoch 6/700
  Train -> Loss: 1.7195 | CE: 1.7045 | Dirichlet: 1.5032 | Acc: 0.2950 | F1: 0.0759
  Val   -> Loss: 1.7179 | Acc: 0.2859 | F1: 0.0741
2025-05-30 00:13:11,437 - Epoch 7/700
  Train -> Loss: 1.7167 | CE: 1.7046 | Dirichlet: 1.2134 | Acc: 0.2950 | F1: 0.0759
  Val   -> Loss: 1.7166 | Acc: 0.2859 | F1: 0.0741
2025-05-30 00:13:18,028 - Epoch 8/700
  Train -> Loss: 1.7144 | CE: 1.7044 | Dirichlet: 1.0029 | Acc: 0.2950 | F1: 0.0759
  Val   -> Loss: 1.7153 | Acc: 0.2859 | F1: 0.0741
2025-05-30 00:13:24,372 - Epoch 9/700
  Train -> Loss: 1.7127 | CE: 1.7044 | Dirichlet: 0.8366 | Acc: 0.2950 | F1: 0.0759
  Val   -> Loss: 1.7148 | Acc: 0.2859 | F1: 0.0741
2025-05-30 00:13:32,420 - Epoch 10/700
  Train -> Loss: 1.7114 | CE: 1.7043 | Dirichlet: 0.7100 | Acc: 0.2950 | F1: 0.0759
  Val   -> Loss: 1.7138 | Acc: 0.2859 | F1: 0.0741
2025-05-30 00:13:39,583 - Epoch 11/700
  Train -> Loss: 1.7105 | CE: 1.7044 | Dirichlet: 0.6081 | Acc: 0.2950 | F1: 0.0759
  Val   -> Loss: 1.7136 | Acc: 0.2859 | F1: 0.0741
2025-05-30 00:13:47,184 - Epoch 12/700
  Train -> Loss: 1.7098 | CE: 1.7045 | Dirichlet: 0.5287 | Acc: 0.2950 | F1: 0.0759
  Val   -> Loss: 1.7131 | Acc: 0.2859 | F1: 0.0741
2025-05-30 00:13:54,566 - Epoch 13/700
  Train -> Loss: 1.7091 | CE: 1.7044 | Dirichlet: 0.4638 | Acc: 0.2950 | F1: 0.0759
  Val   -> Loss: 1.7132 | Acc: 0.2859 | F1: 0.0741
2025-05-30 00:26:40,524 - Epoch 1/700
  Train -> Loss: 3.0932 | CE: 3.0932 | Dirichlet: 1.4918 | Acc: 0.2535 | F1: 0.2024
  Val   -> Loss: 22171.0246 | Acc: 0.2558 | F1: 0.2050
2025-05-30 00:26:47,495 - Epoch 2/700
  Train -> Loss: 1.7838 | CE: 1.7838 | Dirichlet: 3.1261 | Acc: 0.3060 | F1: 0.1468
  Val   -> Loss: 7773.4897 | Acc: 0.2974 | F1: 0.1450
2025-05-30 00:26:54,537 - Epoch 3/700
  Train -> Loss: 1.7382 | CE: 1.7382 | Dirichlet: 6.5457 | Acc: 0.3195 | F1: 0.1252
  Val   -> Loss: 2901.3638 | Acc: 0.3143 | F1: 0.1279
2025-05-30 00:27:01,627 - Epoch 4/700
  Train -> Loss: 1.6792 | CE: 1.6792 | Dirichlet: 10.9016 | Acc: 0.3224 | F1: 0.1369
  Val   -> Loss: 3099.4936 | Acc: 0.3147 | F1: 0.1392
2025-05-30 00:27:08,692 - Epoch 5/700
  Train -> Loss: 1.6696 | CE: 1.6696 | Dirichlet: 12.8426 | Acc: 0.3562 | F1: 0.1911
  Val   -> Loss: 2819.8874 | Acc: 0.3502 | F1: 0.1881
2025-05-30 00:27:15,962 - Epoch 6/700
  Train -> Loss: 1.6590 | CE: 1.6558 | Dirichlet: 16.0063 | Acc: 0.3536 | F1: 0.1671
  Val   -> Loss: 2552.8594 | Acc: 0.3555 | F1: 0.1718
2025-05-30 00:27:23,774 - Epoch 7/700
  Train -> Loss: 1.6500 | CE: 1.6434 | Dirichlet: 16.5655 | Acc: 0.3592 | F1: 0.2016
  Val   -> Loss: 2045.1663 | Acc: 0.3648 | F1: 0.2067
2025-05-30 00:27:31,131 - Epoch 8/700
  Train -> Loss: 1.6283 | CE: 1.6189 | Dirichlet: 15.7439 | Acc: 0.3567 | F1: 0.2098
  Val   -> Loss: 2400.2768 | Acc: 0.3582 | F1: 0.2126
2025-05-30 00:27:38,400 - Epoch 9/700
  Train -> Loss: 1.6228 | CE: 1.6117 | Dirichlet: 13.9287 | Acc: 0.3693 | F1: 0.1942
  Val   -> Loss: 3043.5478 | Acc: 0.3710 | F1: 0.1975
2025-05-30 00:27:46,077 - Epoch 10/700
  Train -> Loss: 1.6062 | CE: 1.5949 | Dirichlet: 11.2751 | Acc: 0.3914 | F1: 0.2124
  Val   -> Loss: 4613.5151 | Acc: 0.3905 | F1: 0.2121
2025-05-30 00:27:53,691 - Epoch 11/700
  Train -> Loss: 1.5944 | CE: 1.5838 | Dirichlet: 10.6173 | Acc: 0.3922 | F1: 0.2050
  Val   -> Loss: 5057.4111 | Acc: 0.3914 | F1: 0.2028
2025-05-30 00:28:00,837 - Epoch 12/700
  Train -> Loss: 1.5829 | CE: 1.5719 | Dirichlet: 10.9811 | Acc: 0.3908 | F1: 0.2203
  Val   -> Loss: 4078.7305 | Acc: 0.3896 | F1: 0.2209
2025-05-30 00:28:08,092 - Epoch 13/700
  Train -> Loss: 1.5784 | CE: 1.5672 | Dirichlet: 11.1701 | Acc: 0.3980 | F1: 0.2563
  Val   -> Loss: 6791.4031 | Acc: 0.3901 | F1: 0.2463
2025-05-30 00:28:15,577 - Epoch 14/700
  Train -> Loss: 1.5812 | CE: 1.5684 | Dirichlet: 12.7096 | Acc: 0.4023 | F1: 0.2448
  Val   -> Loss: 7064.9224 | Acc: 0.3901 | F1: 0.2325
2025-05-30 00:52:50,874 - Epoch 1/700
  Train -> Loss: 3.0981 | CE: 3.0981 | Dirichlet: 0.0005 | Acc: 0.2291 | F1: 0.1822
  Val   -> Loss: 4.8445 | Acc: 0.2256 | F1: 0.1782
2025-05-30 00:52:57,947 - Epoch 2/700
  Train -> Loss: 1.7736 | CE: 1.7736 | Dirichlet: 0.0011 | Acc: 0.3104 | F1: 0.1730
  Val   -> Loss: 2.7852 | Acc: 0.3191 | F1: 0.1802
2025-05-30 00:53:05,159 - Epoch 3/700
  Train -> Loss: 1.7249 | CE: 1.7249 | Dirichlet: 0.0019 | Acc: 0.3349 | F1: 0.1800
  Val   -> Loss: 2.2407 | Acc: 0.3387 | F1: 0.1841
2025-05-30 00:53:12,413 - Epoch 4/700
  Train -> Loss: 1.6816 | CE: 1.6816 | Dirichlet: 0.0029 | Acc: 0.3403 | F1: 0.1825
  Val   -> Loss: 2.3135 | Acc: 0.3413 | F1: 0.1846
2025-05-30 00:53:19,646 - Epoch 5/700
  Train -> Loss: 1.6665 | CE: 1.6665 | Dirichlet: 0.0038 | Acc: 0.3472 | F1: 0.1954
  Val   -> Loss: 2.0800 | Acc: 0.3493 | F1: 0.1958
2025-05-30 00:53:26,850 - Epoch 6/700
  Train -> Loss: 1.6496 | CE: 1.6496 | Dirichlet: 0.0056 | Acc: 0.3525 | F1: 0.1953
  Val   -> Loss: 1.8941 | Acc: 0.3466 | F1: 0.1933
2025-05-30 00:53:34,029 - Epoch 7/700
  Train -> Loss: 1.6439 | CE: 1.6439 | Dirichlet: 0.0068 | Acc: 0.3598 | F1: 0.1945
  Val   -> Loss: 2.0908 | Acc: 0.3684 | F1: 0.2005
2025-05-30 00:53:41,238 - Epoch 8/700
  Train -> Loss: 1.6217 | CE: 1.6217 | Dirichlet: 0.0074 | Acc: 0.3439 | F1: 0.2070
  Val   -> Loss: 1.9296 | Acc: 0.3506 | F1: 0.2027
2025-05-30 00:53:48,587 - Epoch 9/700
  Train -> Loss: 1.6031 | CE: 1.6031 | Dirichlet: 0.0095 | Acc: 0.3834 | F1: 0.2027
  Val   -> Loss: 1.7798 | Acc: 0.3892 | F1: 0.2099
2025-05-30 00:53:56,520 - Epoch 10/700
  Train -> Loss: 1.5864 | CE: 1.5864 | Dirichlet: 0.0120 | Acc: 0.3869 | F1: 0.2126
  Val   -> Loss: 1.8202 | Acc: 0.3848 | F1: 0.2115
2025-05-30 00:54:03,103 - Epoch 11/700
  Train -> Loss: 1.5707 | CE: 1.5707 | Dirichlet: 0.0135 | Acc: 0.3926 | F1: 0.2151
  Val   -> Loss: 1.8536 | Acc: 0.3910 | F1: 0.2167
2025-05-30 00:54:11,249 - Epoch 12/700
  Train -> Loss: 1.5603 | CE: 1.5603 | Dirichlet: 0.0148 | Acc: 0.3921 | F1: 0.2171
  Val   -> Loss: 1.8450 | Acc: 0.3941 | F1: 0.2181
2025-05-30 00:54:18,207 - Epoch 13/700
  Train -> Loss: 1.5438 | CE: 1.5438 | Dirichlet: 0.0179 | Acc: 0.4101 | F1: 0.2484
  Val   -> Loss: 1.9473 | Acc: 0.4029 | F1: 0.2379
2025-05-30 00:54:27,844 - Epoch 14/700
  Train -> Loss: 1.5368 | CE: 1.5368 | Dirichlet: 0.0187 | Acc: 0.4132 | F1: 0.2632
  Val   -> Loss: 1.9650 | Acc: 0.4149 | F1: 0.2636
2025-05-30 00:54:35,857 - Epoch 15/700
  Train -> Loss: 1.5202 | CE: 1.5202 | Dirichlet: 0.0203 | Acc: 0.4312 | F1: 0.2898
  Val   -> Loss: 1.9214 | Acc: 0.4224 | F1: 0.2793
2025-05-30 00:54:43,821 - Epoch 16/700
  Train -> Loss: 1.5032 | CE: 1.5032 | Dirichlet: 0.0214 | Acc: 0.4555 | F1: 0.3187
  Val   -> Loss: 2.0040 | Acc: 0.4415 | F1: 0.3091
2025-05-30 00:54:53,548 - Epoch 17/700
  Train -> Loss: 1.4898 | CE: 1.4898 | Dirichlet: 0.0228 | Acc: 0.4433 | F1: 0.2910
  Val   -> Loss: 2.1181 | Acc: 0.4375 | F1: 0.2814
2025-05-30 00:55:00,873 - Epoch 18/700
  Train -> Loss: 1.4852 | CE: 1.4851 | Dirichlet: 0.0249 | Acc: 0.4254 | F1: 0.2708
  Val   -> Loss: 1.9740 | Acc: 0.4242 | F1: 0.2669
2025-05-30 00:55:08,439 - Epoch 19/700
  Train -> Loss: 1.4832 | CE: 1.4832 | Dirichlet: 0.0256 | Acc: 0.4414 | F1: 0.2931
  Val   -> Loss: 1.9714 | Acc: 0.4375 | F1: 0.2870
2025-05-30 00:55:16,050 - Epoch 20/700
  Train -> Loss: 1.4748 | CE: 1.4748 | Dirichlet: 0.0271 | Acc: 0.4490 | F1: 0.2927
  Val   -> Loss: 2.0369 | Acc: 0.4437 | F1: 0.2832
2025-05-30 00:55:23,017 - Epoch 21/700
  Train -> Loss: 1.4733 | CE: 1.4733 | Dirichlet: 0.0284 | Acc: 0.4461 | F1: 0.2958
  Val   -> Loss: 1.9126 | Acc: 0.4353 | F1: 0.2810
2025-05-30 00:55:31,013 - Epoch 22/700
  Train -> Loss: 1.4719 | CE: 1.4719 | Dirichlet: 0.0300 | Acc: 0.4766 | F1: 0.3399
  Val   -> Loss: 2.1236 | Acc: 0.4663 | F1: 0.3258
2025-05-30 00:55:39,034 - Epoch 23/700
  Train -> Loss: 1.4720 | CE: 1.4719 | Dirichlet: 0.0301 | Acc: 0.4661 | F1: 0.3507
  Val   -> Loss: 1.9368 | Acc: 0.4508 | F1: 0.3328
2025-05-30 00:55:46,577 - Epoch 24/700
  Train -> Loss: 1.4534 | CE: 1.4534 | Dirichlet: 0.0309 | Acc: 0.4323 | F1: 0.2890
  Val   -> Loss: 2.1660 | Acc: 0.4277 | F1: 0.2868
2025-05-30 00:55:53,957 - Epoch 25/700
  Train -> Loss: 1.4561 | CE: 1.4560 | Dirichlet: 0.0334 | Acc: 0.4479 | F1: 0.2991
  Val   -> Loss: 1.8610 | Acc: 0.4406 | F1: 0.2828
2025-05-30 00:56:03,237 - Epoch 26/700
  Train -> Loss: 1.4445 | CE: 1.4444 | Dirichlet: 0.0327 | Acc: 0.4796 | F1: 0.3495
  Val   -> Loss: 2.1607 | Acc: 0.4530 | F1: 0.3170
2025-05-30 00:56:12,786 - Epoch 27/700
  Train -> Loss: 1.4411 | CE: 1.4411 | Dirichlet: 0.0333 | Acc: 0.4828 | F1: 0.3370
  Val   -> Loss: 2.1588 | Acc: 0.4614 | F1: 0.3121
2025-05-30 00:56:22,453 - Epoch 28/700
  Train -> Loss: 1.4380 | CE: 1.4379 | Dirichlet: 0.0341 | Acc: 0.4943 | F1: 0.3730
  Val   -> Loss: 1.9498 | Acc: 0.4734 | F1: 0.3450
2025-05-30 00:56:30,934 - Epoch 29/700
  Train -> Loss: 1.4360 | CE: 1.4360 | Dirichlet: 0.0358 | Acc: 0.4786 | F1: 0.3360
  Val   -> Loss: 1.9543 | Acc: 0.4685 | F1: 0.3213
2025-05-30 01:11:28,984 - Epoch 1/700
  Train -> Loss: 3.1052 | CE: 3.1052 | Dirichlet: 0.0005 | Acc: 0.1641 | F1: 0.1287
  Val   -> Loss: 5.0449 | Acc: 0.1640 | F1: 0.1255
2025-05-30 01:11:35,975 - Epoch 2/700
  Train -> Loss: 1.7741 | CE: 1.7741 | Dirichlet: 0.0011 | Acc: 0.3280 | F1: 0.1760
  Val   -> Loss: 2.8162 | Acc: 0.3254 | F1: 0.1766
2025-05-30 01:11:43,162 - Epoch 3/700
  Train -> Loss: 1.7241 | CE: 1.7241 | Dirichlet: 0.0021 | Acc: 0.3308 | F1: 0.1694
  Val   -> Loss: 2.3328 | Acc: 0.3320 | F1: 0.1716
2025-05-30 01:11:50,418 - Epoch 4/700
  Train -> Loss: 1.6823 | CE: 1.6822 | Dirichlet: 0.0029 | Acc: 0.3524 | F1: 0.1670
  Val   -> Loss: 2.0948 | Acc: 0.3484 | F1: 0.1669
2025-05-30 01:11:57,631 - Epoch 5/700
  Train -> Loss: 1.6656 | CE: 1.6655 | Dirichlet: 0.0041 | Acc: 0.3403 | F1: 0.1903
  Val   -> Loss: 1.8968 | Acc: 0.3502 | F1: 0.1956
2025-05-30 01:12:04,833 - Epoch 6/700
  Train -> Loss: 1.6549 | CE: 1.6548 | Dirichlet: 0.0055 | Acc: 0.3608 | F1: 0.1773
  Val   -> Loss: 1.8688 | Acc: 0.3604 | F1: 0.1800
2025-05-30 01:12:12,052 - Epoch 7/700
  Train -> Loss: 1.6349 | CE: 1.6349 | Dirichlet: 0.0072 | Acc: 0.3700 | F1: 0.1915
  Val   -> Loss: 1.8936 | Acc: 0.3688 | F1: 0.1957
2025-05-30 01:12:19,303 - Epoch 8/700
  Train -> Loss: 1.6109 | CE: 1.6109 | Dirichlet: 0.0086 | Acc: 0.3330 | F1: 0.1922
  Val   -> Loss: 1.8758 | Acc: 0.3333 | F1: 0.1826
2025-05-30 01:12:27,148 - Epoch 9/700
  Train -> Loss: 1.6089 | CE: 1.6088 | Dirichlet: 0.0103 | Acc: 0.3746 | F1: 0.1822
  Val   -> Loss: 1.8233 | Acc: 0.3794 | F1: 0.1881
2025-05-30 01:12:34,908 - Epoch 10/700
  Train -> Loss: 1.5811 | CE: 1.5810 | Dirichlet: 0.0120 | Acc: 0.3879 | F1: 0.2168
  Val   -> Loss: 1.7683 | Acc: 0.3870 | F1: 0.2174
2025-05-30 01:12:42,133 - Epoch 11/700
  Train -> Loss: 1.5710 | CE: 1.5708 | Dirichlet: 0.0148 | Acc: 0.3936 | F1: 0.2051
  Val   -> Loss: 1.8185 | Acc: 0.3918 | F1: 0.2057
2025-05-30 01:12:49,429 - Epoch 12/700
  Train -> Loss: 1.5584 | CE: 1.5582 | Dirichlet: 0.0160 | Acc: 0.3876 | F1: 0.2111
  Val   -> Loss: 1.8063 | Acc: 0.3870 | F1: 0.2110
2025-05-30 01:12:56,942 - Epoch 13/700
  Train -> Loss: 1.5444 | CE: 1.5442 | Dirichlet: 0.0185 | Acc: 0.4072 | F1: 0.2520
  Val   -> Loss: 1.7888 | Acc: 0.4051 | F1: 0.2468
2025-05-30 01:13:04,220 - Epoch 14/700
  Train -> Loss: 1.5324 | CE: 1.5322 | Dirichlet: 0.0191 | Acc: 0.4040 | F1: 0.2533
  Val   -> Loss: 1.8591 | Acc: 0.4109 | F1: 0.2597
2025-05-30 01:13:11,858 - Epoch 15/700
  Train -> Loss: 1.5330 | CE: 1.5328 | Dirichlet: 0.0194 | Acc: 0.4147 | F1: 0.2572
  Val   -> Loss: 1.7469 | Acc: 0.4074 | F1: 0.2548
2025-05-30 01:13:19,009 - Epoch 16/700
  Train -> Loss: 1.5190 | CE: 1.5188 | Dirichlet: 0.0211 | Acc: 0.4171 | F1: 0.2648
  Val   -> Loss: 1.8404 | Acc: 0.4122 | F1: 0.2595
2025-05-30 01:13:26,342 - Epoch 17/700
  Train -> Loss: 1.5073 | CE: 1.5071 | Dirichlet: 0.0216 | Acc: 0.4262 | F1: 0.2667
  Val   -> Loss: 1.8337 | Acc: 0.4238 | F1: 0.2622
2025-05-30 01:13:34,295 - Epoch 18/700
  Train -> Loss: 1.4988 | CE: 1.4986 | Dirichlet: 0.0220 | Acc: 0.4204 | F1: 0.2555
  Val   -> Loss: 1.8552 | Acc: 0.4167 | F1: 0.2540
2025-05-30 01:13:42,109 - Epoch 19/700
  Train -> Loss: 1.4987 | CE: 1.4985 | Dirichlet: 0.0233 | Acc: 0.4516 | F1: 0.3020
  Val   -> Loss: 1.8637 | Acc: 0.4490 | F1: 0.3003
2025-05-30 01:13:49,588 - Epoch 20/700
  Train -> Loss: 1.4884 | CE: 1.4882 | Dirichlet: 0.0240 | Acc: 0.4405 | F1: 0.2813
  Val   -> Loss: 1.8399 | Acc: 0.4393 | F1: 0.2714
2025-05-30 01:13:56,816 - Epoch 21/700
  Train -> Loss: 1.4831 | CE: 1.4829 | Dirichlet: 0.0249 | Acc: 0.4474 | F1: 0.2910
  Val   -> Loss: 1.8199 | Acc: 0.4437 | F1: 0.2849
2025-05-30 01:14:04,497 - Epoch 22/700
  Train -> Loss: 1.4844 | CE: 1.4842 | Dirichlet: 0.0256 | Acc: 0.4539 | F1: 0.3215
  Val   -> Loss: 1.9223 | Acc: 0.4486 | F1: 0.3123
2025-05-30 01:14:12,359 - Epoch 23/700
  Train -> Loss: 1.4788 | CE: 1.4786 | Dirichlet: 0.0269 | Acc: 0.4372 | F1: 0.3179
  Val   -> Loss: 1.8649 | Acc: 0.4224 | F1: 0.2905
2025-05-30 01:14:19,886 - Epoch 24/700
  Train -> Loss: 1.4682 | CE: 1.4679 | Dirichlet: 0.0277 | Acc: 0.4489 | F1: 0.3061
  Val   -> Loss: 1.9096 | Acc: 0.4362 | F1: 0.2916
2025-05-30 01:14:27,007 - Epoch 25/700
  Train -> Loss: 1.4674 | CE: 1.4671 | Dirichlet: 0.0289 | Acc: 0.4359 | F1: 0.2873
  Val   -> Loss: 1.8441 | Acc: 0.4300 | F1: 0.2741
2025-05-30 01:14:34,296 - Epoch 26/700
  Train -> Loss: 1.4579 | CE: 1.4576 | Dirichlet: 0.0288 | Acc: 0.4649 | F1: 0.3077
  Val   -> Loss: 1.9462 | Acc: 0.4530 | F1: 0.3001
2025-05-30 01:14:41,575 - Epoch 27/700
  Train -> Loss: 1.4556 | CE: 1.4553 | Dirichlet: 0.0301 | Acc: 0.4706 | F1: 0.3182
  Val   -> Loss: 1.9430 | Acc: 0.4535 | F1: 0.3027
2025-05-30 01:14:48,918 - Epoch 28/700
  Train -> Loss: 1.4444 | CE: 1.4441 | Dirichlet: 0.0305 | Acc: 0.4795 | F1: 0.3560
  Val   -> Loss: 1.9124 | Acc: 0.4548 | F1: 0.3213
2025-05-30 01:14:56,730 - Epoch 29/700
  Train -> Loss: 1.4400 | CE: 1.4397 | Dirichlet: 0.0317 | Acc: 0.4564 | F1: 0.3094
  Val   -> Loss: 1.8882 | Acc: 0.4481 | F1: 0.2885
2025-05-30 01:15:04,047 - Epoch 30/700
  Train -> Loss: 1.4422 | CE: 1.4419 | Dirichlet: 0.0328 | Acc: 0.4830 | F1: 0.3479
  Val   -> Loss: 1.8612 | Acc: 0.4668 | F1: 0.3232
2025-05-30 01:15:11,476 - Epoch 31/700
  Train -> Loss: 1.4354 | CE: 1.4350 | Dirichlet: 0.0343 | Acc: 0.4665 | F1: 0.3677
  Val   -> Loss: 2.0320 | Acc: 0.4468 | F1: 0.3376
2025-05-30 01:15:19,076 - Epoch 32/700
  Train -> Loss: 1.4276 | CE: 1.4272 | Dirichlet: 0.0340 | Acc: 0.4797 | F1: 0.3346
  Val   -> Loss: 1.8656 | Acc: 0.4583 | F1: 0.3116
2025-05-30 01:15:26,296 - Epoch 33/700
  Train -> Loss: 1.4286 | CE: 1.4283 | Dirichlet: 0.0353 | Acc: 0.4963 | F1: 0.3686
  Val   -> Loss: 1.8761 | Acc: 0.4632 | F1: 0.3296
2025-05-30 01:15:33,556 - Epoch 34/700
  Train -> Loss: 1.4194 | CE: 1.4191 | Dirichlet: 0.0356 | Acc: 0.4910 | F1: 0.3714
  Val   -> Loss: 1.9288 | Acc: 0.4716 | F1: 0.3477
2025-05-30 01:15:41,289 - Epoch 35/700
  Train -> Loss: 1.4321 | CE: 1.4318 | Dirichlet: 0.0370 | Acc: 0.4937 | F1: 0.3799
  Val   -> Loss: 1.9492 | Acc: 0.4725 | F1: 0.3570
2025-05-30 01:26:22,063 - Epoch 1/700
  Train -> Loss: 3.1048 | CE: 3.1048 | Dirichlet: 0.0005 | Acc: 0.1621 | F1: 0.1252
  Val   -> Loss: 5.0423 | Acc: 0.1636 | F1: 0.1237
2025-05-30 01:26:29,200 - Epoch 2/700
  Train -> Loss: 1.7740 | CE: 1.7740 | Dirichlet: 0.0011 | Acc: 0.3113 | F1: 0.1419
  Val   -> Loss: 3.0117 | Acc: 0.3005 | F1: 0.1394
2025-05-30 01:26:36,352 - Epoch 3/700
  Train -> Loss: 1.7279 | CE: 1.7279 | Dirichlet: 0.0021 | Acc: 0.3405 | F1: 0.1667
  Val   -> Loss: 2.2406 | Acc: 0.3426 | F1: 0.1702
2025-05-30 01:26:43,598 - Epoch 4/700
  Train -> Loss: 1.6789 | CE: 1.6789 | Dirichlet: 0.0028 | Acc: 0.3392 | F1: 0.1752
  Val   -> Loss: 2.2767 | Acc: 0.3431 | F1: 0.1776
2025-05-30 01:26:50,946 - Epoch 5/700
  Train -> Loss: 1.6743 | CE: 1.6743 | Dirichlet: 0.0043 | Acc: 0.3539 | F1: 0.1966
  Val   -> Loss: 2.0107 | Acc: 0.3555 | F1: 0.1987
2025-05-30 01:26:58,450 - Epoch 6/700
  Train -> Loss: 1.6539 | CE: 1.6539 | Dirichlet: 0.0060 | Acc: 0.3641 | F1: 0.1887
  Val   -> Loss: 1.9147 | Acc: 0.3635 | F1: 0.1897
2025-05-30 01:27:05,717 - Epoch 7/700
  Train -> Loss: 1.6335 | CE: 1.6335 | Dirichlet: 0.0069 | Acc: 0.3528 | F1: 0.1993
  Val   -> Loss: 1.9014 | Acc: 0.3542 | F1: 0.2026
2025-05-30 01:27:13,023 - Epoch 8/700
  Train -> Loss: 1.6142 | CE: 1.6142 | Dirichlet: 0.0081 | Acc: 0.3708 | F1: 0.2244
  Val   -> Loss: 1.8338 | Acc: 0.3697 | F1: 0.2207
2025-05-30 01:27:20,237 - Epoch 9/700
  Train -> Loss: 1.6098 | CE: 1.6098 | Dirichlet: 0.0097 | Acc: 0.3651 | F1: 0.2018
  Val   -> Loss: 1.7781 | Acc: 0.3777 | F1: 0.2126
2025-05-30 01:27:27,579 - Epoch 10/700
  Train -> Loss: 1.5796 | CE: 1.5796 | Dirichlet: 0.0116 | Acc: 0.3882 | F1: 0.2340
  Val   -> Loss: 1.7920 | Acc: 0.3883 | F1: 0.2354
2025-05-30 01:27:35,162 - Epoch 11/700
  Train -> Loss: 1.5695 | CE: 1.5695 | Dirichlet: 0.0131 | Acc: 0.3973 | F1: 0.2167
  Val   -> Loss: 1.7930 | Acc: 0.3941 | F1: 0.2106
2025-05-30 01:27:43,470 - Epoch 12/700
  Train -> Loss: 1.5519 | CE: 1.5519 | Dirichlet: 0.0155 | Acc: 0.4086 | F1: 0.2462
  Val   -> Loss: 1.8102 | Acc: 0.4025 | F1: 0.2407
2025-05-30 01:27:50,945 - Epoch 13/700
  Train -> Loss: 1.5444 | CE: 1.5444 | Dirichlet: 0.0173 | Acc: 0.4183 | F1: 0.2762
  Val   -> Loss: 1.9451 | Acc: 0.4127 | F1: 0.2671
2025-05-30 01:27:58,385 - Epoch 14/700
  Train -> Loss: 1.5302 | CE: 1.5302 | Dirichlet: 0.0187 | Acc: 0.4140 | F1: 0.2461
  Val   -> Loss: 1.9125 | Acc: 0.4109 | F1: 0.2399
2025-05-30 01:28:05,959 - Epoch 15/700
  Train -> Loss: 1.5172 | CE: 1.5172 | Dirichlet: 0.0203 | Acc: 0.4324 | F1: 0.2948
  Val   -> Loss: 1.8839 | Acc: 0.4322 | F1: 0.2933
2025-05-30 01:28:13,632 - Epoch 16/700
  Train -> Loss: 1.5049 | CE: 1.5049 | Dirichlet: 0.0227 | Acc: 0.4492 | F1: 0.3159
  Val   -> Loss: 2.0111 | Acc: 0.4313 | F1: 0.3033
2025-05-30 01:28:20,937 - Epoch 17/700
  Train -> Loss: 1.4919 | CE: 1.4919 | Dirichlet: 0.0244 | Acc: 0.4567 | F1: 0.3043
  Val   -> Loss: 1.9677 | Acc: 0.4495 | F1: 0.2931
2025-05-30 01:28:28,541 - Epoch 18/700
  Train -> Loss: 1.4826 | CE: 1.4826 | Dirichlet: 0.0254 | Acc: 0.4282 | F1: 0.2631
  Val   -> Loss: 1.8632 | Acc: 0.4260 | F1: 0.2592
2025-05-30 01:28:35,728 - Epoch 19/700
  Train -> Loss: 1.4782 | CE: 1.4782 | Dirichlet: 0.0275 | Acc: 0.4643 | F1: 0.3181
  Val   -> Loss: 1.9508 | Acc: 0.4508 | F1: 0.3066
2025-05-30 01:28:43,069 - Epoch 20/700
  Train -> Loss: 1.4761 | CE: 1.4761 | Dirichlet: 0.0291 | Acc: 0.4599 | F1: 0.3078
  Val   -> Loss: 1.9548 | Acc: 0.4499 | F1: 0.2939
2025-05-30 01:28:50,922 - Epoch 21/700
  Train -> Loss: 1.4699 | CE: 1.4697 | Dirichlet: 0.0310 | Acc: 0.4720 | F1: 0.3338
  Val   -> Loss: 1.9162 | Acc: 0.4526 | F1: 0.3129
2025-05-30 01:28:58,442 - Epoch 22/700
  Train -> Loss: 1.4551 | CE: 1.4548 | Dirichlet: 0.0321 | Acc: 0.4837 | F1: 0.3860
  Val   -> Loss: 2.0433 | Acc: 0.4605 | F1: 0.3543
2025-05-30 01:29:05,667 - Epoch 23/700
  Train -> Loss: 1.4575 | CE: 1.4571 | Dirichlet: 0.0332 | Acc: 0.4838 | F1: 0.3554
  Val   -> Loss: 1.9227 | Acc: 0.4632 | F1: 0.3343
2025-05-30 01:29:13,237 - Epoch 24/700
  Train -> Loss: 1.4386 | CE: 1.4379 | Dirichlet: 0.0339 | Acc: 0.4631 | F1: 0.3423
  Val   -> Loss: 2.0108 | Acc: 0.4410 | F1: 0.3089
2025-05-30 01:29:21,084 - Epoch 25/700
  Train -> Loss: 1.4442 | CE: 1.4433 | Dirichlet: 0.0359 | Acc: 0.4627 | F1: 0.3195
  Val   -> Loss: 1.8851 | Acc: 0.4521 | F1: 0.3004
2025-05-30 01:29:28,676 - Epoch 26/700
  Train -> Loss: 1.4349 | CE: 1.4339 | Dirichlet: 0.0360 | Acc: 0.4723 | F1: 0.3362
  Val   -> Loss: 2.0522 | Acc: 0.4548 | F1: 0.3113
2025-05-30 01:29:35,887 - Epoch 27/700
  Train -> Loss: 1.4355 | CE: 1.4342 | Dirichlet: 0.0367 | Acc: 0.4854 | F1: 0.3391
  Val   -> Loss: 2.0722 | Acc: 0.4659 | F1: 0.3179
2025-05-30 01:29:43,173 - Epoch 28/700
  Train -> Loss: 1.4297 | CE: 1.4282 | Dirichlet: 0.0378 | Acc: 0.4953 | F1: 0.3610
  Val   -> Loss: 1.9008 | Acc: 0.4783 | F1: 0.3384
2025-05-30 01:29:50,966 - Epoch 29/700
  Train -> Loss: 1.4201 | CE: 1.4184 | Dirichlet: 0.0383 | Acc: 0.4895 | F1: 0.3500
  Val   -> Loss: 1.9920 | Acc: 0.4721 | F1: 0.3216
2025-05-30 01:29:58,918 - Epoch 30/700
  Train -> Loss: 1.4346 | CE: 1.4326 | Dirichlet: 0.0393 | Acc: 0.4905 | F1: 0.3512
  Val   -> Loss: 1.9438 | Acc: 0.4734 | F1: 0.3312
2025-05-30 01:30:06,069 - Epoch 31/700
  Train -> Loss: 1.4275 | CE: 1.4253 | Dirichlet: 0.0402 | Acc: 0.4792 | F1: 0.3801
  Val   -> Loss: 1.9758 | Acc: 0.4685 | F1: 0.3549
2025-05-30 01:30:13,512 - Epoch 32/700
  Train -> Loss: 1.4196 | CE: 1.4172 | Dirichlet: 0.0403 | Acc: 0.4902 | F1: 0.3534
  Val   -> Loss: 1.9212 | Acc: 0.4597 | F1: 0.3154
2025-05-30 01:30:21,283 - Epoch 33/700
  Train -> Loss: 1.4115 | CE: 1.4089 | Dirichlet: 0.0407 | Acc: 0.5008 | F1: 0.3795
  Val   -> Loss: 1.8592 | Acc: 0.4730 | F1: 0.3455
2025-05-30 01:30:28,683 - Epoch 34/700
  Train -> Loss: 1.4124 | CE: 1.4096 | Dirichlet: 0.0406 | Acc: 0.4814 | F1: 0.3534
  Val   -> Loss: 1.8828 | Acc: 0.4712 | F1: 0.3336
2025-05-30 01:30:35,943 - Epoch 35/700
  Train -> Loss: 1.4070 | CE: 1.4040 | Dirichlet: 0.0408 | Acc: 0.5084 | F1: 0.3929
  Val   -> Loss: 2.0959 | Acc: 0.4849 | F1: 0.3660
2025-05-30 01:30:43,755 - Epoch 36/700
  Train -> Loss: 1.4114 | CE: 1.4081 | Dirichlet: 0.0409 | Acc: 0.4983 | F1: 0.3986
  Val   -> Loss: 2.1358 | Acc: 0.4707 | F1: 0.3619
2025-05-30 01:30:51,480 - Epoch 37/700
  Train -> Loss: 1.4031 | CE: 1.3996 | Dirichlet: 0.0412 | Acc: 0.5214 | F1: 0.4194
  Val   -> Loss: 1.9852 | Acc: 0.4871 | F1: 0.3743
2025-05-30 01:30:58,773 - Epoch 38/700
  Train -> Loss: 1.3961 | CE: 1.3924 | Dirichlet: 0.0409 | Acc: 0.5232 | F1: 0.4038
  Val   -> Loss: 1.9396 | Acc: 0.4942 | F1: 0.3652
2025-05-30 01:31:06,409 - Epoch 39/700
  Train -> Loss: 1.3972 | CE: 1.3933 | Dirichlet: 0.0414 | Acc: 0.5157 | F1: 0.3992
  Val   -> Loss: 2.0745 | Acc: 0.4876 | F1: 0.3581
2025-05-30 01:31:14,256 - Epoch 40/700
  Train -> Loss: 1.3878 | CE: 1.3838 | Dirichlet: 0.0407 | Acc: 0.4822 | F1: 0.3479
  Val   -> Loss: 1.8670 | Acc: 0.4694 | F1: 0.3291
2025-05-30 01:31:21,760 - Epoch 41/700
  Train -> Loss: 1.3888 | CE: 1.3847 | Dirichlet: 0.0411 | Acc: 0.4919 | F1: 0.3670
  Val   -> Loss: 1.8526 | Acc: 0.4641 | F1: 0.3303
2025-05-30 01:31:28,977 - Epoch 42/700
  Train -> Loss: 1.3835 | CE: 1.3793 | Dirichlet: 0.0414 | Acc: 0.5059 | F1: 0.4101
  Val   -> Loss: 2.0460 | Acc: 0.4858 | F1: 0.3826
2025-05-30 01:31:36,267 - Epoch 43/700
  Train -> Loss: 1.3771 | CE: 1.3730 | Dirichlet: 0.0407 | Acc: 0.5185 | F1: 0.4137
  Val   -> Loss: 1.8677 | Acc: 0.4969 | F1: 0.3817
2025-05-30 01:31:44,019 - Epoch 44/700
  Train -> Loss: 1.3730 | CE: 1.3690 | Dirichlet: 0.0406 | Acc: 0.5271 | F1: 0.4113
  Val   -> Loss: 1.9312 | Acc: 0.5031 | F1: 0.3867
2025-05-30 01:31:51,915 - Epoch 45/700
  Train -> Loss: 1.3702 | CE: 1.3661 | Dirichlet: 0.0410 | Acc: 0.5125 | F1: 0.3920
  Val   -> Loss: 1.8233 | Acc: 0.4969 | F1: 0.3722
2025-05-30 01:31:59,505 - Epoch 46/700
  Train -> Loss: 1.3703 | CE: 1.3663 | Dirichlet: 0.0407 | Acc: 0.5233 | F1: 0.4179
  Val   -> Loss: 2.0115 | Acc: 0.5009 | F1: 0.3830
2025-05-30 01:32:06,964 - Epoch 47/700
  Train -> Loss: 1.3865 | CE: 1.3824 | Dirichlet: 0.0410 | Acc: 0.5234 | F1: 0.4187
  Val   -> Loss: 2.0553 | Acc: 0.5040 | F1: 0.3944
2025-05-30 01:32:14,503 - Epoch 48/700
  Train -> Loss: 1.3694 | CE: 1.3654 | Dirichlet: 0.0404 | Acc: 0.5369 | F1: 0.4358
  Val   -> Loss: 1.9176 | Acc: 0.5080 | F1: 0.3984
2025-05-30 01:32:22,431 - Epoch 49/700
  Train -> Loss: 1.3655 | CE: 1.3615 | Dirichlet: 0.0404 | Acc: 0.5216 | F1: 0.4090
  Val   -> Loss: 1.9778 | Acc: 0.5009 | F1: 0.3857
2025-05-30 01:32:30,282 - Epoch 50/700
  Train -> Loss: 1.3713 | CE: 1.3673 | Dirichlet: 0.0403 | Acc: 0.5258 | F1: 0.4249
  Val   -> Loss: 1.9961 | Acc: 0.5084 | F1: 0.4024
2025-05-30 01:32:37,489 - Epoch 51/700
  Train -> Loss: 1.3576 | CE: 1.3536 | Dirichlet: 0.0397 | Acc: 0.5246 | F1: 0.4298
  Val   -> Loss: 1.8375 | Acc: 0.5111 | F1: 0.4085
2025-05-30 01:32:44,734 - Epoch 52/700
  Train -> Loss: 1.3516 | CE: 1.3475 | Dirichlet: 0.0407 | Acc: 0.5219 | F1: 0.4034
  Val   -> Loss: 1.8211 | Acc: 0.5031 | F1: 0.3764
2025-05-30 01:32:52,458 - Epoch 53/700
  Train -> Loss: 1.3499 | CE: 1.3459 | Dirichlet: 0.0406 | Acc: 0.5389 | F1: 0.4361
  Val   -> Loss: 1.9472 | Acc: 0.5168 | F1: 0.4068
2025-05-30 01:33:00,300 - Epoch 54/700
  Train -> Loss: 1.3439 | CE: 1.3399 | Dirichlet: 0.0405 | Acc: 0.5404 | F1: 0.4320
  Val   -> Loss: 1.8197 | Acc: 0.5230 | F1: 0.4059
2025-05-30 01:33:07,553 - Epoch 55/700
  Train -> Loss: 1.3371 | CE: 1.3331 | Dirichlet: 0.0402 | Acc: 0.5503 | F1: 0.4766
  Val   -> Loss: 1.8962 | Acc: 0.5288 | F1: 0.4503
2025-05-30 01:33:15,308 - Epoch 56/700
  Train -> Loss: 1.3353 | CE: 1.3313 | Dirichlet: 0.0402 | Acc: 0.5306 | F1: 0.4220
  Val   -> Loss: 1.6480 | Acc: 0.5066 | F1: 0.3867
2025-05-30 01:33:23,060 - Epoch 57/700
  Train -> Loss: 1.3305 | CE: 1.3264 | Dirichlet: 0.0411 | Acc: 0.5473 | F1: 0.4625
  Val   -> Loss: 1.8395 | Acc: 0.5191 | F1: 0.4274
2025-05-30 01:33:30,238 - Epoch 58/700
  Train -> Loss: 1.3316 | CE: 1.3276 | Dirichlet: 0.0403 | Acc: 0.5352 | F1: 0.4355
  Val   -> Loss: 1.8605 | Acc: 0.5058 | F1: 0.4010
2025-05-30 01:33:37,453 - Epoch 59/700
  Train -> Loss: 1.3222 | CE: 1.3182 | Dirichlet: 0.0403 | Acc: 0.5506 | F1: 0.4853
  Val   -> Loss: 1.9498 | Acc: 0.5332 | F1: 0.4614
2025-05-30 01:33:45,192 - Epoch 60/700
  Train -> Loss: 1.3217 | CE: 1.3176 | Dirichlet: 0.0405 | Acc: 0.5594 | F1: 0.4656
  Val   -> Loss: 1.7167 | Acc: 0.5408 | F1: 0.4412
2025-05-30 01:33:52,664 - Epoch 61/700
  Train -> Loss: 1.3234 | CE: 1.3194 | Dirichlet: 0.0407 | Acc: 0.5392 | F1: 0.4467
  Val   -> Loss: 1.9491 | Acc: 0.5195 | F1: 0.4222
2025-05-30 01:33:59,974 - Epoch 62/700
  Train -> Loss: 1.3157 | CE: 1.3117 | Dirichlet: 0.0403 | Acc: 0.5542 | F1: 0.4557
  Val   -> Loss: 1.7476 | Acc: 0.5368 | F1: 0.4293
2025-05-30 01:34:07,974 - Epoch 63/700
  Train -> Loss: 1.3085 | CE: 1.3045 | Dirichlet: 0.0402 | Acc: 0.5696 | F1: 0.4814
  Val   -> Loss: 1.7899 | Acc: 0.5426 | F1: 0.4515
2025-05-30 01:34:15,484 - Epoch 64/700
  Train -> Loss: 1.3053 | CE: 1.3013 | Dirichlet: 0.0397 | Acc: 0.5441 | F1: 0.4443
  Val   -> Loss: 1.7705 | Acc: 0.5208 | F1: 0.4143
2025-05-30 01:34:22,700 - Epoch 65/700
  Train -> Loss: 1.2974 | CE: 1.2934 | Dirichlet: 0.0398 | Acc: 0.5792 | F1: 0.4955
  Val   -> Loss: 1.7360 | Acc: 0.5523 | F1: 0.4602
2025-05-30 01:34:30,361 - Epoch 66/700
  Train -> Loss: 1.2941 | CE: 1.2901 | Dirichlet: 0.0399 | Acc: 0.5796 | F1: 0.5038
  Val   -> Loss: 1.7180 | Acc: 0.5505 | F1: 0.4695
2025-05-30 01:34:38,228 - Epoch 67/700
  Train -> Loss: 1.2952 | CE: 1.2912 | Dirichlet: 0.0391 | Acc: 0.5789 | F1: 0.4900
  Val   -> Loss: 1.6888 | Acc: 0.5488 | F1: 0.4522
2025-05-30 01:34:45,617 - Epoch 68/700
  Train -> Loss: 1.2861 | CE: 1.2822 | Dirichlet: 0.0390 | Acc: 0.5747 | F1: 0.4817
  Val   -> Loss: 1.7891 | Acc: 0.5465 | F1: 0.4471
2025-05-30 01:34:53,073 - Epoch 69/700
  Train -> Loss: 1.2807 | CE: 1.2768 | Dirichlet: 0.0387 | Acc: 0.5761 | F1: 0.4910
  Val   -> Loss: 1.7178 | Acc: 0.5412 | F1: 0.4520
2025-05-30 01:35:00,923 - Epoch 70/700
  Train -> Loss: 1.2791 | CE: 1.2752 | Dirichlet: 0.0388 | Acc: 0.5801 | F1: 0.4939
  Val   -> Loss: 1.7503 | Acc: 0.5465 | F1: 0.4567
2025-05-30 01:35:08,660 - Epoch 71/700
  Train -> Loss: 1.2754 | CE: 1.2716 | Dirichlet: 0.0389 | Acc: 0.5810 | F1: 0.5113
  Val   -> Loss: 1.8220 | Acc: 0.5403 | F1: 0.4653
2025-05-30 01:35:15,917 - Epoch 72/700
  Train -> Loss: 1.2785 | CE: 1.2747 | Dirichlet: 0.0388 | Acc: 0.5625 | F1: 0.4991
  Val   -> Loss: 1.7796 | Acc: 0.5270 | F1: 0.4570
2025-05-30 01:35:23,238 - Epoch 73/700
  Train -> Loss: 1.2751 | CE: 1.2713 | Dirichlet: 0.0385 | Acc: 0.5406 | F1: 0.4727
  Val   -> Loss: 1.8408 | Acc: 0.5151 | F1: 0.4364
2025-05-30 01:35:31,022 - Epoch 74/700
  Train -> Loss: 1.2677 | CE: 1.2638 | Dirichlet: 0.0384 | Acc: 0.5621 | F1: 0.4548
  Val   -> Loss: 1.7352 | Acc: 0.5417 | F1: 0.4203
2025-05-30 01:35:38,258 - Epoch 75/700
  Train -> Loss: 1.2670 | CE: 1.2632 | Dirichlet: 0.0385 | Acc: 0.5827 | F1: 0.5148
  Val   -> Loss: 1.7372 | Acc: 0.5550 | F1: 0.4757
2025-05-30 01:35:45,711 - Epoch 76/700
  Train -> Loss: 1.2851 | CE: 1.2812 | Dirichlet: 0.0389 | Acc: 0.5601 | F1: 0.4799
  Val   -> Loss: 1.7542 | Acc: 0.5315 | F1: 0.4393
2025-05-30 01:35:53,370 - Epoch 77/700
  Train -> Loss: 1.2652 | CE: 1.2613 | Dirichlet: 0.0391 | Acc: 0.5918 | F1: 0.5114
  Val   -> Loss: 1.7413 | Acc: 0.5638 | F1: 0.4737
2025-05-30 01:36:00,646 - Epoch 78/700
  Train -> Loss: 1.2562 | CE: 1.2524 | Dirichlet: 0.0380 | Acc: 0.5787 | F1: 0.4781
  Val   -> Loss: 1.7191 | Acc: 0.5536 | F1: 0.4389
2025-05-30 01:36:08,181 - Epoch 79/700
  Train -> Loss: 1.2671 | CE: 1.2633 | Dirichlet: 0.0380 | Acc: 0.5972 | F1: 0.5281
  Val   -> Loss: 1.8185 | Acc: 0.5669 | F1: 0.4913
2025-05-30 01:36:16,116 - Epoch 80/700
  Train -> Loss: 1.2611 | CE: 1.2573 | Dirichlet: 0.0379 | Acc: 0.5524 | F1: 0.4655
  Val   -> Loss: 1.6336 | Acc: 0.5155 | F1: 0.4123
2025-05-30 01:36:23,812 - Epoch 81/700
  Train -> Loss: 1.2611 | CE: 1.2573 | Dirichlet: 0.0379 | Acc: 0.5879 | F1: 0.4990
  Val   -> Loss: 1.6858 | Acc: 0.5523 | F1: 0.4508
2025-05-30 01:36:31,064 - Epoch 82/700
  Train -> Loss: 1.2476 | CE: 1.2439 | Dirichlet: 0.0375 | Acc: 0.6013 | F1: 0.5240
  Val   -> Loss: 1.6931 | Acc: 0.5625 | F1: 0.4727
2025-05-30 01:36:38,567 - Epoch 83/700
  Train -> Loss: 1.2406 | CE: 1.2368 | Dirichlet: 0.0373 | Acc: 0.5831 | F1: 0.4885
  Val   -> Loss: 1.6613 | Acc: 0.5554 | F1: 0.4519
2025-05-30 01:36:46,348 - Epoch 84/700
  Train -> Loss: 1.2487 | CE: 1.2450 | Dirichlet: 0.0368 | Acc: 0.6051 | F1: 0.5358
  Val   -> Loss: 1.7485 | Acc: 0.5798 | F1: 0.5050
2025-05-30 01:36:53,795 - Epoch 85/700
  Train -> Loss: 1.2347 | CE: 1.2311 | Dirichlet: 0.0364 | Acc: 0.6066 | F1: 0.5369
  Val   -> Loss: 1.6332 | Acc: 0.5740 | F1: 0.4964
2025-05-30 01:37:01,073 - Epoch 86/700
  Train -> Loss: 1.2348 | CE: 1.2312 | Dirichlet: 0.0360 | Acc: 0.6051 | F1: 0.5370
  Val   -> Loss: 1.7075 | Acc: 0.5714 | F1: 0.4994
2025-05-30 01:37:08,868 - Epoch 87/700
  Train -> Loss: 1.2437 | CE: 1.2401 | Dirichlet: 0.0361 | Acc: 0.5941 | F1: 0.5137
  Val   -> Loss: 1.6928 | Acc: 0.5665 | F1: 0.4775
2025-05-30 01:37:16,732 - Epoch 88/700
  Train -> Loss: 1.2389 | CE: 1.2353 | Dirichlet: 0.0360 | Acc: 0.5984 | F1: 0.5463
  Val   -> Loss: 1.6871 | Acc: 0.5638 | F1: 0.5036
2025-05-30 01:37:24,027 - Epoch 89/700
  Train -> Loss: 1.2374 | CE: 1.2339 | Dirichlet: 0.0356 | Acc: 0.6039 | F1: 0.5328
  Val   -> Loss: 1.7092 | Acc: 0.5714 | F1: 0.4920
2025-05-30 01:37:31,479 - Epoch 90/700
  Train -> Loss: 1.2324 | CE: 1.2289 | Dirichlet: 0.0353 | Acc: 0.6129 | F1: 0.5379
  Val   -> Loss: 1.6322 | Acc: 0.5816 | F1: 0.4965
2025-05-30 01:37:39,301 - Epoch 91/700
  Train -> Loss: 1.2284 | CE: 1.2249 | Dirichlet: 0.0350 | Acc: 0.6097 | F1: 0.5547
  Val   -> Loss: 1.7235 | Acc: 0.5621 | F1: 0.4999
2025-05-30 01:37:46,536 - Epoch 92/700
  Train -> Loss: 1.2251 | CE: 1.2217 | Dirichlet: 0.0345 | Acc: 0.6156 | F1: 0.5497
  Val   -> Loss: 1.6193 | Acc: 0.5900 | F1: 0.5125
2025-05-30 01:37:53,823 - Epoch 93/700
  Train -> Loss: 1.2207 | CE: 1.2173 | Dirichlet: 0.0341 | Acc: 0.5994 | F1: 0.5103
  Val   -> Loss: 1.6647 | Acc: 0.5634 | F1: 0.4642
2025-05-30 01:38:01,119 - Epoch 94/700
  Train -> Loss: 1.2158 | CE: 1.2124 | Dirichlet: 0.0336 | Acc: 0.5971 | F1: 0.5151
  Val   -> Loss: 1.6747 | Acc: 0.5634 | F1: 0.4681
2025-05-30 01:38:08,906 - Epoch 95/700
  Train -> Loss: 1.2243 | CE: 1.2210 | Dirichlet: 0.0333 | Acc: 0.6011 | F1: 0.5279
  Val   -> Loss: 1.6056 | Acc: 0.5740 | F1: 0.4946
2025-05-30 01:38:16,914 - Epoch 96/700
  Train -> Loss: 1.2141 | CE: 1.2108 | Dirichlet: 0.0332 | Acc: 0.6123 | F1: 0.5412
  Val   -> Loss: 1.6556 | Acc: 0.5776 | F1: 0.4991
2025-05-30 01:38:24,105 - Epoch 97/700
  Train -> Loss: 1.2150 | CE: 1.2117 | Dirichlet: 0.0325 | Acc: 0.6162 | F1: 0.5417
  Val   -> Loss: 1.7526 | Acc: 0.5816 | F1: 0.4997
2025-05-30 01:38:31,353 - Epoch 98/700
  Train -> Loss: 1.2167 | CE: 1.2134 | Dirichlet: 0.0325 | Acc: 0.5781 | F1: 0.4908
  Val   -> Loss: 1.6611 | Acc: 0.5430 | F1: 0.4376
2025-05-30 01:38:39,102 - Epoch 99/700
  Train -> Loss: 1.2153 | CE: 1.2121 | Dirichlet: 0.0324 | Acc: 0.6148 | F1: 0.5582
  Val   -> Loss: 1.6788 | Acc: 0.5740 | F1: 0.5107
2025-05-30 01:38:46,931 - Epoch 100/700
  Train -> Loss: 1.2147 | CE: 1.2115 | Dirichlet: 0.0324 | Acc: 0.6051 | F1: 0.5274
  Val   -> Loss: 1.6450 | Acc: 0.5709 | F1: 0.4782
2025-05-30 01:38:54,249 - Epoch 101/700
  Train -> Loss: 1.2023 | CE: 1.1991 | Dirichlet: 0.0320 | Acc: 0.6048 | F1: 0.5068
  Val   -> Loss: 1.7488 | Acc: 0.5700 | F1: 0.4607
2025-05-30 01:39:01,530 - Epoch 102/700
  Train -> Loss: 1.2046 | CE: 1.2015 | Dirichlet: 0.0313 | Acc: 0.6277 | F1: 0.5695
  Val   -> Loss: 1.6253 | Acc: 0.6006 | F1: 0.5328
2025-05-30 01:39:09,388 - Epoch 103/700
  Train -> Loss: 1.1911 | CE: 1.1880 | Dirichlet: 0.0309 | Acc: 0.6168 | F1: 0.5374
  Val   -> Loss: 1.6992 | Acc: 0.5855 | F1: 0.4987
2025-05-30 01:39:16,917 - Epoch 104/700
  Train -> Loss: 1.1881 | CE: 1.1851 | Dirichlet: 0.0305 | Acc: 0.6097 | F1: 0.5239
  Val   -> Loss: 1.6751 | Acc: 0.5838 | F1: 0.4859
2025-05-30 01:39:24,152 - Epoch 105/700
  Train -> Loss: 1.1989 | CE: 1.1959 | Dirichlet: 0.0301 | Acc: 0.6319 | F1: 0.5700
  Val   -> Loss: 1.7071 | Acc: 0.6002 | F1: 0.5301
2025-05-30 01:39:31,626 - Epoch 106/700
  Train -> Loss: 1.1923 | CE: 1.1893 | Dirichlet: 0.0298 | Acc: 0.6119 | F1: 0.5316
  Val   -> Loss: 1.6886 | Acc: 0.5829 | F1: 0.4912
2025-05-30 01:39:39,517 - Epoch 107/700
  Train -> Loss: 1.1885 | CE: 1.1856 | Dirichlet: 0.0299 | Acc: 0.6261 | F1: 0.5614
  Val   -> Loss: 1.6910 | Acc: 0.5909 | F1: 0.5163
2025-05-30 01:39:47,031 - Epoch 108/700
  Train -> Loss: 1.1832 | CE: 1.1802 | Dirichlet: 0.0294 | Acc: 0.6319 | F1: 0.5803
  Val   -> Loss: 1.6635 | Acc: 0.6011 | F1: 0.5435
2025-05-30 01:39:54,304 - Epoch 109/700
  Train -> Loss: 1.1917 | CE: 1.1888 | Dirichlet: 0.0292 | Acc: 0.6361 | F1: 0.5668
  Val   -> Loss: 1.7403 | Acc: 0.6051 | F1: 0.5232
2025-05-30 01:40:02,088 - Epoch 110/700
  Train -> Loss: 1.1877 | CE: 1.1847 | Dirichlet: 0.0295 | Acc: 0.6069 | F1: 0.5494
  Val   -> Loss: 1.6504 | Acc: 0.5758 | F1: 0.5031
2025-05-30 01:40:09,856 - Epoch 111/700
  Train -> Loss: 1.1841 | CE: 1.1812 | Dirichlet: 0.0289 | Acc: 0.6289 | F1: 0.5674
  Val   -> Loss: 1.6415 | Acc: 0.5940 | F1: 0.5204
2025-05-30 01:40:17,285 - Epoch 112/700
  Train -> Loss: 1.1703 | CE: 1.1675 | Dirichlet: 0.0287 | Acc: 0.6305 | F1: 0.5536
  Val   -> Loss: 1.6351 | Acc: 0.5971 | F1: 0.5093
2025-05-30 01:40:24,974 - Epoch 113/700
  Train -> Loss: 1.1779 | CE: 1.1750 | Dirichlet: 0.0284 | Acc: 0.6416 | F1: 0.5797
  Val   -> Loss: 1.6439 | Acc: 0.6059 | F1: 0.5350
2025-05-30 01:40:32,786 - Epoch 114/700
  Train -> Loss: 1.1761 | CE: 1.1733 | Dirichlet: 0.0283 | Acc: 0.6318 | F1: 0.5731
  Val   -> Loss: 1.6512 | Acc: 0.6006 | F1: 0.5296
2025-05-30 01:40:40,174 - Epoch 115/700
  Train -> Loss: 1.1784 | CE: 1.1756 | Dirichlet: 0.0277 | Acc: 0.6333 | F1: 0.5583
  Val   -> Loss: 1.6747 | Acc: 0.5980 | F1: 0.5125
2025-05-30 01:40:47,376 - Epoch 116/700
  Train -> Loss: 1.1685 | CE: 1.1657 | Dirichlet: 0.0280 | Acc: 0.6277 | F1: 0.5611
  Val   -> Loss: 1.6886 | Acc: 0.5900 | F1: 0.5099
2025-05-30 01:40:54,860 - Epoch 117/700
  Train -> Loss: 1.1706 | CE: 1.1678 | Dirichlet: 0.0277 | Acc: 0.6305 | F1: 0.5656
  Val   -> Loss: 1.7153 | Acc: 0.5971 | F1: 0.5205
2025-05-30 01:41:02,735 - Epoch 118/700
  Train -> Loss: 1.1637 | CE: 1.1609 | Dirichlet: 0.0273 | Acc: 0.6278 | F1: 0.5510
  Val   -> Loss: 1.6332 | Acc: 0.5918 | F1: 0.5059
2025-05-30 01:41:10,595 - Epoch 119/700
  Train -> Loss: 1.1644 | CE: 1.1617 | Dirichlet: 0.0271 | Acc: 0.6335 | F1: 0.5714
  Val   -> Loss: 1.7079 | Acc: 0.6020 | F1: 0.5304
2025-05-30 01:41:18,194 - Epoch 120/700
  Train -> Loss: 1.1579 | CE: 1.1553 | Dirichlet: 0.0265 | Acc: 0.6519 | F1: 0.5927
  Val   -> Loss: 1.6673 | Acc: 0.6170 | F1: 0.5495
2025-05-30 01:41:25,464 - Epoch 121/700
  Train -> Loss: 1.1599 | CE: 1.1572 | Dirichlet: 0.0266 | Acc: 0.6490 | F1: 0.5815
  Val   -> Loss: 1.6128 | Acc: 0.6179 | F1: 0.5405
2025-05-30 01:41:33,087 - Epoch 122/700
  Train -> Loss: 1.1544 | CE: 1.1518 | Dirichlet: 0.0263 | Acc: 0.6366 | F1: 0.5723
  Val   -> Loss: 1.7858 | Acc: 0.6121 | F1: 0.5354
2025-05-30 01:41:40,305 - Epoch 123/700
  Train -> Loss: 1.1542 | CE: 1.1516 | Dirichlet: 0.0263 | Acc: 0.6492 | F1: 0.5975
  Val   -> Loss: 1.6917 | Acc: 0.6108 | F1: 0.5528
2025-05-30 01:41:47,676 - Epoch 124/700
  Train -> Loss: 1.1574 | CE: 1.1547 | Dirichlet: 0.0262 | Acc: 0.6260 | F1: 0.5656
  Val   -> Loss: 1.6387 | Acc: 0.5882 | F1: 0.5194
2025-05-30 01:41:55,467 - Epoch 125/700
  Train -> Loss: 1.1400 | CE: 1.1374 | Dirichlet: 0.0257 | Acc: 0.6483 | F1: 0.5951
  Val   -> Loss: 1.6712 | Acc: 0.6175 | F1: 0.5578
2025-05-30 01:42:02,998 - Epoch 126/700
  Train -> Loss: 1.1430 | CE: 1.1405 | Dirichlet: 0.0253 | Acc: 0.6489 | F1: 0.5871
  Val   -> Loss: 1.6478 | Acc: 0.6077 | F1: 0.5368
2025-05-30 01:42:10,325 - Epoch 127/700
  Train -> Loss: 1.1502 | CE: 1.1477 | Dirichlet: 0.0251 | Acc: 0.6298 | F1: 0.5512
  Val   -> Loss: 1.5938 | Acc: 0.5993 | F1: 0.5107
2025-05-30 01:42:18,420 - Epoch 128/700
  Train -> Loss: 1.1408 | CE: 1.1383 | Dirichlet: 0.0248 | Acc: 0.6545 | F1: 0.6005
  Val   -> Loss: 1.6610 | Acc: 0.6170 | F1: 0.5507
2025-05-30 01:42:26,206 - Epoch 129/700
  Train -> Loss: 1.1437 | CE: 1.1412 | Dirichlet: 0.0250 | Acc: 0.6519 | F1: 0.5931
  Val   -> Loss: 1.7588 | Acc: 0.6144 | F1: 0.5467
2025-05-30 01:42:33,458 - Epoch 130/700
  Train -> Loss: 1.1357 | CE: 1.1332 | Dirichlet: 0.0247 | Acc: 0.6598 | F1: 0.6008
  Val   -> Loss: 1.6427 | Acc: 0.6184 | F1: 0.5510
2025-05-30 01:42:40,881 - Epoch 131/700
  Train -> Loss: 1.1339 | CE: 1.1314 | Dirichlet: 0.0242 | Acc: 0.6596 | F1: 0.5997
  Val   -> Loss: 1.7181 | Acc: 0.6277 | F1: 0.5605
2025-05-30 01:42:48,541 - Epoch 132/700
  Train -> Loss: 1.1337 | CE: 1.1313 | Dirichlet: 0.0243 | Acc: 0.6495 | F1: 0.5746
  Val   -> Loss: 1.7510 | Acc: 0.6108 | F1: 0.5246
2025-05-30 01:42:55,883 - Epoch 133/700
  Train -> Loss: 1.1346 | CE: 1.1322 | Dirichlet: 0.0239 | Acc: 0.6484 | F1: 0.5752
  Val   -> Loss: 1.7245 | Acc: 0.6037 | F1: 0.5172
2025-05-30 01:43:03,667 - Epoch 134/700
  Train -> Loss: 1.1417 | CE: 1.1393 | Dirichlet: 0.0241 | Acc: 0.6392 | F1: 0.5814
  Val   -> Loss: 1.7163 | Acc: 0.5971 | F1: 0.5369
2025-05-30 01:43:11,084 - Epoch 135/700
  Train -> Loss: 1.1302 | CE: 1.1278 | Dirichlet: 0.0242 | Acc: 0.6618 | F1: 0.6137
  Val   -> Loss: 1.6150 | Acc: 0.6290 | F1: 0.5766
2025-05-30 01:43:18,425 - Epoch 136/700
  Train -> Loss: 1.1242 | CE: 1.1218 | Dirichlet: 0.0241 | Acc: 0.6520 | F1: 0.5958
  Val   -> Loss: 1.6763 | Acc: 0.6166 | F1: 0.5541
2025-05-30 01:43:26,242 - Epoch 137/700
  Train -> Loss: 1.1196 | CE: 1.1172 | Dirichlet: 0.0237 | Acc: 0.6662 | F1: 0.6100
  Val   -> Loss: 1.6694 | Acc: 0.6303 | F1: 0.5668
2025-05-30 01:43:33,645 - Epoch 138/700
  Train -> Loss: 1.1192 | CE: 1.1168 | Dirichlet: 0.0233 | Acc: 0.6600 | F1: 0.6009
  Val   -> Loss: 1.6758 | Acc: 0.6321 | F1: 0.5651
2025-05-30 01:43:40,946 - Epoch 139/700
  Train -> Loss: 1.1194 | CE: 1.1171 | Dirichlet: 0.0230 | Acc: 0.6707 | F1: 0.6188
  Val   -> Loss: 1.7384 | Acc: 0.6281 | F1: 0.5689
2025-05-30 01:43:48,525 - Epoch 140/700
  Train -> Loss: 1.1147 | CE: 1.1124 | Dirichlet: 0.0230 | Acc: 0.6629 | F1: 0.6066
  Val   -> Loss: 1.7081 | Acc: 0.6308 | F1: 0.5643
2025-05-30 01:43:56,393 - Epoch 141/700
  Train -> Loss: 1.1189 | CE: 1.1166 | Dirichlet: 0.0229 | Acc: 0.6643 | F1: 0.6067
  Val   -> Loss: 1.7165 | Acc: 0.6339 | F1: 0.5664
2025-05-30 01:44:03,782 - Epoch 142/700
  Train -> Loss: 1.1206 | CE: 1.1183 | Dirichlet: 0.0230 | Acc: 0.6494 | F1: 0.5771
  Val   -> Loss: 1.8042 | Acc: 0.6121 | F1: 0.5279
2025-05-30 01:44:11,048 - Epoch 143/700
  Train -> Loss: 1.1128 | CE: 1.1105 | Dirichlet: 0.0225 | Acc: 0.6601 | F1: 0.6045
  Val   -> Loss: 1.6438 | Acc: 0.6219 | F1: 0.5594
2025-05-30 01:44:19,019 - Epoch 144/700
  Train -> Loss: 1.1095 | CE: 1.1073 | Dirichlet: 0.0223 | Acc: 0.6591 | F1: 0.6162
  Val   -> Loss: 1.7691 | Acc: 0.6139 | F1: 0.5648
2025-05-30 01:44:26,410 - Epoch 145/700
  Train -> Loss: 1.1092 | CE: 1.1070 | Dirichlet: 0.0220 | Acc: 0.6765 | F1: 0.6197
  Val   -> Loss: 1.6749 | Acc: 0.6401 | F1: 0.5719
2025-05-30 01:44:33,819 - Epoch 146/700
  Train -> Loss: 1.1147 | CE: 1.1125 | Dirichlet: 0.0221 | Acc: 0.6601 | F1: 0.6104
  Val   -> Loss: 1.6253 | Acc: 0.6090 | F1: 0.5544
2025-05-30 01:44:41,602 - Epoch 147/700
  Train -> Loss: 1.1121 | CE: 1.1099 | Dirichlet: 0.0222 | Acc: 0.6579 | F1: 0.6090
  Val   -> Loss: 1.6605 | Acc: 0.6192 | F1: 0.5603
2025-05-30 01:44:49,456 - Epoch 148/700
  Train -> Loss: 1.1026 | CE: 1.1004 | Dirichlet: 0.0221 | Acc: 0.6663 | F1: 0.6034
  Val   -> Loss: 1.8152 | Acc: 0.6263 | F1: 0.5541
2025-05-30 01:44:57,468 - Epoch 149/700
  Train -> Loss: 1.1002 | CE: 1.0980 | Dirichlet: 0.0221 | Acc: 0.6606 | F1: 0.5917
  Val   -> Loss: 1.7136 | Acc: 0.6223 | F1: 0.5384
2025-05-30 01:45:04,779 - Epoch 150/700
  Train -> Loss: 1.1067 | CE: 1.1045 | Dirichlet: 0.0220 | Acc: 0.6673 | F1: 0.6200
  Val   -> Loss: 1.6469 | Acc: 0.6379 | F1: 0.5807
2025-05-30 01:45:12,553 - Epoch 151/700
  Train -> Loss: 1.0913 | CE: 1.0891 | Dirichlet: 0.0216 | Acc: 0.6651 | F1: 0.5961
  Val   -> Loss: 1.6840 | Acc: 0.6232 | F1: 0.5426
2025-05-30 01:45:20,120 - Epoch 152/700
  Train -> Loss: 1.0982 | CE: 1.0961 | Dirichlet: 0.0216 | Acc: 0.6636 | F1: 0.6031
  Val   -> Loss: 1.7031 | Acc: 0.6232 | F1: 0.5513
2025-05-30 01:45:27,356 - Epoch 153/700
  Train -> Loss: 1.0898 | CE: 1.0877 | Dirichlet: 0.0212 | Acc: 0.6804 | F1: 0.6274
  Val   -> Loss: 1.7151 | Acc: 0.6294 | F1: 0.5681
2025-05-30 01:45:34,949 - Epoch 154/700
  Train -> Loss: 1.0969 | CE: 1.0948 | Dirichlet: 0.0209 | Acc: 0.6734 | F1: 0.6196
  Val   -> Loss: 1.6136 | Acc: 0.6387 | F1: 0.5754
2025-05-30 01:45:42,779 - Epoch 155/700
  Train -> Loss: 1.1010 | CE: 1.0989 | Dirichlet: 0.0210 | Acc: 0.6420 | F1: 0.5661
  Val   -> Loss: 1.7156 | Acc: 0.6059 | F1: 0.5196
2025-05-30 01:45:50,001 - Epoch 156/700
  Train -> Loss: 1.0915 | CE: 1.0894 | Dirichlet: 0.0209 | Acc: 0.6823 | F1: 0.6258
  Val   -> Loss: 1.7428 | Acc: 0.6401 | F1: 0.5758
2025-05-30 01:45:57,299 - Epoch 157/700
  Train -> Loss: 1.0856 | CE: 1.0836 | Dirichlet: 0.0207 | Acc: 0.6662 | F1: 0.6103
  Val   -> Loss: 1.7259 | Acc: 0.6268 | F1: 0.5604
2025-05-30 01:46:05,083 - Epoch 158/700
  Train -> Loss: 1.0989 | CE: 1.0968 | Dirichlet: 0.0208 | Acc: 0.6853 | F1: 0.6305
  Val   -> Loss: 1.5904 | Acc: 0.6418 | F1: 0.5770
2025-05-30 01:46:12,631 - Epoch 159/700
  Train -> Loss: 1.0833 | CE: 1.0812 | Dirichlet: 0.0206 | Acc: 0.6832 | F1: 0.6270
  Val   -> Loss: 1.7267 | Acc: 0.6374 | F1: 0.5734
2025-05-30 01:46:20,127 - Epoch 160/700
  Train -> Loss: 1.0775 | CE: 1.0754 | Dirichlet: 0.0205 | Acc: 0.6640 | F1: 0.5993
  Val   -> Loss: 1.8059 | Acc: 0.6303 | F1: 0.5566
2025-05-30 01:46:27,892 - Epoch 161/700
  Train -> Loss: 1.0856 | CE: 1.0835 | Dirichlet: 0.0204 | Acc: 0.6745 | F1: 0.6118
  Val   -> Loss: 1.6785 | Acc: 0.6343 | F1: 0.5639
2025-05-30 01:46:35,409 - Epoch 162/700
  Train -> Loss: 1.0824 | CE: 1.0803 | Dirichlet: 0.0205 | Acc: 0.6764 | F1: 0.6257
  Val   -> Loss: 1.8187 | Acc: 0.6379 | F1: 0.5810
2025-05-30 01:46:42,779 - Epoch 163/700
  Train -> Loss: 1.0946 | CE: 1.0926 | Dirichlet: 0.0203 | Acc: 0.6841 | F1: 0.6240
  Val   -> Loss: 1.6049 | Acc: 0.6361 | F1: 0.5665
2025-05-30 01:46:50,259 - Epoch 164/700
  Train -> Loss: 1.0809 | CE: 1.0789 | Dirichlet: 0.0203 | Acc: 0.6787 | F1: 0.6241
  Val   -> Loss: 1.7467 | Acc: 0.6303 | F1: 0.5675
2025-05-30 01:46:57,559 - Epoch 165/700
  Train -> Loss: 1.0780 | CE: 1.0760 | Dirichlet: 0.0202 | Acc: 0.6632 | F1: 0.6104
  Val   -> Loss: 1.6823 | Acc: 0.6082 | F1: 0.5456
2025-05-30 01:47:05,631 - Epoch 166/700
  Train -> Loss: 1.0688 | CE: 1.0668 | Dirichlet: 0.0199 | Acc: 0.6753 | F1: 0.6159
  Val   -> Loss: 1.7401 | Acc: 0.6321 | F1: 0.5625
2025-05-30 01:47:14,228 - Epoch 167/700
  Train -> Loss: 1.0866 | CE: 1.0846 | Dirichlet: 0.0200 | Acc: 0.6646 | F1: 0.6104
  Val   -> Loss: 1.7139 | Acc: 0.6188 | F1: 0.5592
2025-05-30 01:47:21,360 - Epoch 168/700
  Train -> Loss: 1.0707 | CE: 1.0688 | Dirichlet: 0.0197 | Acc: 0.6735 | F1: 0.6159
  Val   -> Loss: 1.7167 | Acc: 0.6365 | F1: 0.5702
2025-05-30 01:47:29,016 - Epoch 169/700
  Train -> Loss: 1.0721 | CE: 1.0701 | Dirichlet: 0.0199 | Acc: 0.6654 | F1: 0.6215
  Val   -> Loss: 1.7500 | Acc: 0.6175 | F1: 0.5641
2025-05-30 01:47:36,582 - Epoch 170/700
  Train -> Loss: 1.0765 | CE: 1.0745 | Dirichlet: 0.0199 | Acc: 0.6845 | F1: 0.6254
  Val   -> Loss: 1.7597 | Acc: 0.6467 | F1: 0.5802
2025-05-30 01:47:43,862 - Epoch 171/700
  Train -> Loss: 1.0624 | CE: 1.0605 | Dirichlet: 0.0193 | Acc: 0.6820 | F1: 0.6295
  Val   -> Loss: 1.6529 | Acc: 0.6436 | F1: 0.5821
2025-05-30 01:47:51,575 - Epoch 172/700
  Train -> Loss: 1.0805 | CE: 1.0786 | Dirichlet: 0.0192 | Acc: 0.6827 | F1: 0.6350
  Val   -> Loss: 1.7590 | Acc: 0.6396 | F1: 0.5837
2025-05-30 01:47:59,209 - Epoch 173/700
  Train -> Loss: 1.0656 | CE: 1.0637 | Dirichlet: 0.0190 | Acc: 0.6804 | F1: 0.6221
  Val   -> Loss: 1.6327 | Acc: 0.6392 | F1: 0.5725
2025-05-30 01:48:06,467 - Epoch 174/700
  Train -> Loss: 1.0584 | CE: 1.0565 | Dirichlet: 0.0191 | Acc: 0.6925 | F1: 0.6395
  Val   -> Loss: 1.7474 | Acc: 0.6480 | F1: 0.5854
2025-05-30 01:48:14,221 - Epoch 175/700
  Train -> Loss: 1.0563 | CE: 1.0544 | Dirichlet: 0.0190 | Acc: 0.6926 | F1: 0.6341
  Val   -> Loss: 1.7563 | Acc: 0.6410 | F1: 0.5731
2025-05-30 01:48:21,998 - Epoch 176/700
  Train -> Loss: 1.0585 | CE: 1.0566 | Dirichlet: 0.0189 | Acc: 0.6867 | F1: 0.6323
  Val   -> Loss: 1.6145 | Acc: 0.6485 | F1: 0.5848
2025-05-30 01:48:29,194 - Epoch 177/700
  Train -> Loss: 1.0554 | CE: 1.0536 | Dirichlet: 0.0186 | Acc: 0.6863 | F1: 0.6373
  Val   -> Loss: 1.6226 | Acc: 0.6370 | F1: 0.5804
2025-05-30 01:48:37,147 - Epoch 178/700
  Train -> Loss: 1.0562 | CE: 1.0543 | Dirichlet: 0.0187 | Acc: 0.6843 | F1: 0.6328
  Val   -> Loss: 1.6660 | Acc: 0.6441 | F1: 0.5844
2025-05-30 01:48:44,876 - Epoch 179/700
  Train -> Loss: 1.0609 | CE: 1.0590 | Dirichlet: 0.0186 | Acc: 0.6853 | F1: 0.6291
  Val   -> Loss: 1.6358 | Acc: 0.6414 | F1: 0.5772
2025-05-30 01:48:52,511 - Epoch 180/700
  Train -> Loss: 1.0621 | CE: 1.0602 | Dirichlet: 0.0187 | Acc: 0.6782 | F1: 0.6158
  Val   -> Loss: 1.6813 | Acc: 0.6250 | F1: 0.5522
2025-05-30 01:48:59,679 - Epoch 181/700
  Train -> Loss: 1.0528 | CE: 1.0510 | Dirichlet: 0.0186 | Acc: 0.6799 | F1: 0.6247
  Val   -> Loss: 1.6271 | Acc: 0.6299 | F1: 0.5727
2025-05-30 01:49:07,052 - Epoch 182/700
  Train -> Loss: 1.0520 | CE: 1.0501 | Dirichlet: 0.0185 | Acc: 0.6955 | F1: 0.6405
  Val   -> Loss: 1.6444 | Acc: 0.6387 | F1: 0.5743
2025-05-30 01:49:14,800 - Epoch 183/700
  Train -> Loss: 1.0487 | CE: 1.0468 | Dirichlet: 0.0184 | Acc: 0.6454 | F1: 0.5945
  Val   -> Loss: 1.7538 | Acc: 0.5869 | F1: 0.5280
2025-05-30 01:49:22,742 - Epoch 184/700
  Train -> Loss: 1.0539 | CE: 1.0520 | Dirichlet: 0.0184 | Acc: 0.6701 | F1: 0.6050
  Val   -> Loss: 1.6878 | Acc: 0.6259 | F1: 0.5474
2025-05-30 01:49:29,952 - Epoch 185/700
  Train -> Loss: 1.0542 | CE: 1.0524 | Dirichlet: 0.0185 | Acc: 0.6953 | F1: 0.6481
  Val   -> Loss: 1.6778 | Acc: 0.6498 | F1: 0.6002
2025-05-30 01:49:37,399 - Epoch 186/700
  Train -> Loss: 1.0473 | CE: 1.0454 | Dirichlet: 0.0185 | Acc: 0.6821 | F1: 0.6215
  Val   -> Loss: 1.7196 | Acc: 0.6303 | F1: 0.5565
2025-05-30 01:49:45,126 - Epoch 187/700
  Train -> Loss: 1.0481 | CE: 1.0463 | Dirichlet: 0.0184 | Acc: 0.6887 | F1: 0.6287
  Val   -> Loss: 1.7020 | Acc: 0.6365 | F1: 0.5641
2025-05-30 01:49:52,360 - Epoch 188/700
  Train -> Loss: 1.0434 | CE: 1.0416 | Dirichlet: 0.0181 | Acc: 0.7018 | F1: 0.6527
  Val   -> Loss: 1.6233 | Acc: 0.6516 | F1: 0.5932
2025-05-30 01:49:59,620 - Epoch 189/700
  Train -> Loss: 1.0388 | CE: 1.0370 | Dirichlet: 0.0179 | Acc: 0.6927 | F1: 0.6364
  Val   -> Loss: 1.6334 | Acc: 0.6418 | F1: 0.5759
2025-05-30 01:50:07,391 - Epoch 190/700
  Train -> Loss: 1.0386 | CE: 1.0368 | Dirichlet: 0.0178 | Acc: 0.6861 | F1: 0.6309
  Val   -> Loss: 1.6598 | Acc: 0.6370 | F1: 0.5702
2025-05-30 01:50:15,142 - Epoch 191/700
  Train -> Loss: 1.0496 | CE: 1.0478 | Dirichlet: 0.0179 | Acc: 0.7010 | F1: 0.6522
  Val   -> Loss: 1.6383 | Acc: 0.6605 | F1: 0.6016
2025-05-30 01:50:22,971 - Epoch 192/700
  Train -> Loss: 1.0413 | CE: 1.0395 | Dirichlet: 0.0181 | Acc: 0.6879 | F1: 0.6317
  Val   -> Loss: 1.5923 | Acc: 0.6387 | F1: 0.5708
2025-05-30 01:50:30,175 - Epoch 193/700
  Train -> Loss: 1.0395 | CE: 1.0377 | Dirichlet: 0.0177 | Acc: 0.6811 | F1: 0.6293
  Val   -> Loss: 1.6974 | Acc: 0.6246 | F1: 0.5705
2025-05-30 01:50:37,574 - Epoch 194/700
  Train -> Loss: 1.0360 | CE: 1.0342 | Dirichlet: 0.0179 | Acc: 0.6974 | F1: 0.6454
  Val   -> Loss: 1.7811 | Acc: 0.6512 | F1: 0.5927
2025-05-30 01:50:45,344 - Epoch 195/700
  Train -> Loss: 1.0407 | CE: 1.0389 | Dirichlet: 0.0178 | Acc: 0.6986 | F1: 0.6458
  Val   -> Loss: 1.6602 | Acc: 0.6472 | F1: 0.5821
2025-05-30 01:50:52,561 - Epoch 196/700
  Train -> Loss: 1.0301 | CE: 1.0284 | Dirichlet: 0.0175 | Acc: 0.6868 | F1: 0.6375
  Val   -> Loss: 1.6866 | Acc: 0.6352 | F1: 0.5783
2025-05-30 01:51:00,130 - Epoch 197/700
  Train -> Loss: 1.0301 | CE: 1.0284 | Dirichlet: 0.0176 | Acc: 0.6970 | F1: 0.6366
  Val   -> Loss: 1.7371 | Acc: 0.6476 | F1: 0.5759
2025-05-30 01:51:07,918 - Epoch 198/700
  Train -> Loss: 1.0301 | CE: 1.0284 | Dirichlet: 0.0174 | Acc: 0.7030 | F1: 0.6521
  Val   -> Loss: 1.6100 | Acc: 0.6503 | F1: 0.5905
2025-05-30 01:51:15,471 - Epoch 199/700
  Train -> Loss: 1.0285 | CE: 1.0268 | Dirichlet: 0.0176 | Acc: 0.6932 | F1: 0.6442
  Val   -> Loss: 1.6621 | Acc: 0.6480 | F1: 0.5950
2025-05-30 01:51:22,753 - Epoch 200/700
  Train -> Loss: 1.0293 | CE: 1.0276 | Dirichlet: 0.0176 | Acc: 0.7018 | F1: 0.6540
  Val   -> Loss: 1.6837 | Acc: 0.6520 | F1: 0.5932
2025-05-30 01:51:30,463 - Epoch 201/700
  Train -> Loss: 1.0293 | CE: 1.0275 | Dirichlet: 0.0173 | Acc: 0.7001 | F1: 0.6475
  Val   -> Loss: 1.5814 | Acc: 0.6441 | F1: 0.5803
2025-05-30 01:51:38,120 - Epoch 202/700
  Train -> Loss: 1.0171 | CE: 1.0153 | Dirichlet: 0.0174 | Acc: 0.7040 | F1: 0.6491
  Val   -> Loss: 1.7075 | Acc: 0.6520 | F1: 0.5873
2025-05-30 01:51:45,336 - Epoch 203/700
  Train -> Loss: 1.0277 | CE: 1.0260 | Dirichlet: 0.0171 | Acc: 0.7010 | F1: 0.6442
  Val   -> Loss: 1.6379 | Acc: 0.6520 | F1: 0.5834
2025-05-30 01:51:53,051 - Epoch 204/700
  Train -> Loss: 1.0182 | CE: 1.0165 | Dirichlet: 0.0172 | Acc: 0.7019 | F1: 0.6448
  Val   -> Loss: 1.6577 | Acc: 0.6556 | F1: 0.5909
2025-05-30 01:52:00,573 - Epoch 205/700
  Train -> Loss: 1.0240 | CE: 1.0223 | Dirichlet: 0.0171 | Acc: 0.6963 | F1: 0.6358
  Val   -> Loss: 1.6593 | Acc: 0.6432 | F1: 0.5726
2025-05-30 01:52:07,923 - Epoch 206/700
  Train -> Loss: 1.0354 | CE: 1.0337 | Dirichlet: 0.0169 | Acc: 0.6957 | F1: 0.6279
  Val   -> Loss: 1.6640 | Acc: 0.6405 | F1: 0.5666
2025-05-30 01:52:15,625 - Epoch 207/700
  Train -> Loss: 1.0257 | CE: 1.0240 | Dirichlet: 0.0171 | Acc: 0.7056 | F1: 0.6514
  Val   -> Loss: 1.5961 | Acc: 0.6516 | F1: 0.5875
2025-05-30 01:52:23,154 - Epoch 208/700
  Train -> Loss: 1.0163 | CE: 1.0146 | Dirichlet: 0.0171 | Acc: 0.7059 | F1: 0.6573
  Val   -> Loss: 1.6181 | Acc: 0.6578 | F1: 0.6038
2025-05-30 01:52:30,648 - Epoch 209/700
  Train -> Loss: 1.0192 | CE: 1.0175 | Dirichlet: 0.0171 | Acc: 0.6959 | F1: 0.6484
  Val   -> Loss: 1.7211 | Acc: 0.6401 | F1: 0.5873
2025-05-30 01:52:38,509 - Epoch 210/700
  Train -> Loss: 1.0172 | CE: 1.0155 | Dirichlet: 0.0170 | Acc: 0.7063 | F1: 0.6525
  Val   -> Loss: 1.6761 | Acc: 0.6547 | F1: 0.5889
2025-05-30 01:52:46,151 - Epoch 211/700
  Train -> Loss: 1.0138 | CE: 1.0121 | Dirichlet: 0.0170 | Acc: 0.6903 | F1: 0.6406
  Val   -> Loss: 1.6591 | Acc: 0.6414 | F1: 0.5857
2025-05-30 01:52:53,445 - Epoch 212/700
  Train -> Loss: 1.0143 | CE: 1.0126 | Dirichlet: 0.0170 | Acc: 0.7082 | F1: 0.6574
  Val   -> Loss: 1.6084 | Acc: 0.6560 | F1: 0.5970
2025-05-30 01:53:01,076 - Epoch 213/700
  Train -> Loss: 1.0175 | CE: 1.0158 | Dirichlet: 0.0169 | Acc: 0.6899 | F1: 0.6312
  Val   -> Loss: 1.6522 | Acc: 0.6365 | F1: 0.5665
2025-05-30 01:53:08,533 - Epoch 214/700
  Train -> Loss: 1.0043 | CE: 1.0026 | Dirichlet: 0.0167 | Acc: 0.7107 | F1: 0.6589
  Val   -> Loss: 1.6398 | Acc: 0.6538 | F1: 0.5906
2025-05-30 01:53:15,781 - Epoch 215/700
  Train -> Loss: 1.0176 | CE: 1.0160 | Dirichlet: 0.0165 | Acc: 0.6967 | F1: 0.6335
  Val   -> Loss: 1.6658 | Acc: 0.6441 | F1: 0.5697
2025-05-30 01:53:23,342 - Epoch 216/700
  Train -> Loss: 1.0091 | CE: 1.0075 | Dirichlet: 0.0166 | Acc: 0.7078 | F1: 0.6629
  Val   -> Loss: 1.7344 | Acc: 0.6512 | F1: 0.6024
2025-05-30 01:53:31,121 - Epoch 217/700
  Train -> Loss: 1.0102 | CE: 1.0085 | Dirichlet: 0.0165 | Acc: 0.7105 | F1: 0.6528
  Val   -> Loss: 1.6192 | Acc: 0.6534 | F1: 0.5850
2025-05-30 01:53:38,963 - Epoch 218/700
  Train -> Loss: 0.9990 | CE: 0.9974 | Dirichlet: 0.0165 | Acc: 0.7088 | F1: 0.6569
  Val   -> Loss: 1.7649 | Acc: 0.6427 | F1: 0.5801
2025-05-30 01:53:46,476 - Epoch 219/700
  Train -> Loss: 1.0127 | CE: 1.0111 | Dirichlet: 0.0163 | Acc: 0.7002 | F1: 0.6530
  Val   -> Loss: 1.6682 | Acc: 0.6321 | F1: 0.5769
2025-05-30 01:53:53,748 - Epoch 220/700
  Train -> Loss: 1.0185 | CE: 1.0168 | Dirichlet: 0.0163 | Acc: 0.7057 | F1: 0.6508
  Val   -> Loss: 1.6069 | Acc: 0.6445 | F1: 0.5783
2025-05-30 01:54:01,505 - Epoch 221/700
  Train -> Loss: 1.0054 | CE: 1.0037 | Dirichlet: 0.0163 | Acc: 0.7066 | F1: 0.6561
  Val   -> Loss: 1.6145 | Acc: 0.6538 | F1: 0.5916
2025-05-30 01:54:09,277 - Epoch 222/700
  Train -> Loss: 0.9974 | CE: 0.9958 | Dirichlet: 0.0163 | Acc: 0.7131 | F1: 0.6605
  Val   -> Loss: 1.6133 | Acc: 0.6560 | F1: 0.5932
2025-05-30 01:54:16,673 - Epoch 223/700
  Train -> Loss: 0.9962 | CE: 0.9946 | Dirichlet: 0.0163 | Acc: 0.7082 | F1: 0.6577
  Val   -> Loss: 1.6415 | Acc: 0.6507 | F1: 0.5892
2025-05-30 01:54:23,954 - Epoch 224/700
  Train -> Loss: 1.0068 | CE: 1.0052 | Dirichlet: 0.0163 | Acc: 0.6989 | F1: 0.6531
  Val   -> Loss: 1.7127 | Acc: 0.6418 | F1: 0.5906
2025-05-30 01:54:31,381 - Epoch 225/700
  Train -> Loss: 1.0074 | CE: 1.0057 | Dirichlet: 0.0163 | Acc: 0.7190 | F1: 0.6687
  Val   -> Loss: 1.6568 | Acc: 0.6587 | F1: 0.5985
2025-05-30 01:54:38,784 - Epoch 226/700
  Train -> Loss: 0.9950 | CE: 0.9934 | Dirichlet: 0.0162 | Acc: 0.7027 | F1: 0.6458
  Val   -> Loss: 1.6593 | Acc: 0.6379 | F1: 0.5687
2025-05-30 01:54:46,594 - Epoch 227/700
  Train -> Loss: 1.0019 | CE: 1.0003 | Dirichlet: 0.0160 | Acc: 0.6961 | F1: 0.6434
  Val   -> Loss: 1.6598 | Acc: 0.6294 | F1: 0.5702
2025-05-30 01:54:53,900 - Epoch 228/700
  Train -> Loss: 0.9940 | CE: 0.9924 | Dirichlet: 0.0161 | Acc: 0.7159 | F1: 0.6625
  Val   -> Loss: 1.7010 | Acc: 0.6507 | F1: 0.5908
